{"C:\\Users\\lenil\\Documents\\GitHub\\ach-pet-api\\src\\app.ts": {"path":"C:\\Users\\lenil\\Documents\\GitHub\\ach-pet-api\\src\\app.ts","statementMap":{"0":{"start":{"line":42,"column":6},"end":{"line":42,"column":null}},"1":{"start":{"line":43,"column":18},"end":{"line":43,"column":null}},"2":{"start":{"line":49,"column":6},"end":{"line":49,"column":null}},"3":{"start":{"line":51,"column":0},"end":{"line":51,"column":null}},"4":{"start":{"line":55,"column":0},"end":{"line":55,"column":null}},"5":{"start":{"line":57,"column":0},"end":{"line":57,"column":null}},"6":{"start":{"line":58,"column":0},"end":{"line":58,"column":null}},"7":{"start":{"line":59,"column":0},"end":{"line":59,"column":null}},"8":{"start":{"line":61,"column":0},"end":{"line":68,"column":null}},"9":{"start":{"line":71,"column":19},"end":{"line":71,"column":null}},"10":{"start":{"line":72,"column":0},"end":{"line":72,"column":null}},"11":{"start":{"line":73,"column":6},"end":{"line":84,"column":null}},"12":{"start":{"line":79,"column":4},"end":{"line":81,"column":null}},"13":{"start":{"line":80,"column":6},"end":{"line":80,"column":null}},"14":{"start":{"line":82,"column":4},"end":{"line":82,"column":null}},"15":{"start":{"line":86,"column":0},"end":{"line":86,"column":null}},"16":{"start":{"line":88,"column":0},"end":{"line":96,"column":null}},"17":{"start":{"line":89,"column":2},"end":{"line":95,"column":null}},"18":{"start":{"line":99,"column":0},"end":{"line":99,"column":null}},"19":{"start":{"line":99,"column":69},"end":{"line":99,"column":91}},"20":{"start":{"line":102,"column":0},"end":{"line":102,"column":null}},"21":{"start":{"line":104,"column":0},"end":{"line":104,"column":null}},"22":{"start":{"line":104,"column":75},"end":{"line":104,"column":96}},"23":{"start":{"line":105,"column":0},"end":{"line":105,"column":null}},"24":{"start":{"line":109,"column":6},"end":{"line":109,"column":null}},"25":{"start":{"line":110,"column":6},"end":{"line":110,"column":null}},"26":{"start":{"line":111,"column":6},"end":{"line":111,"column":null}},"27":{"start":{"line":112,"column":6},"end":{"line":112,"column":null}},"28":{"start":{"line":113,"column":6},"end":{"line":113,"column":null}},"29":{"start":{"line":115,"column":6},"end":{"line":115,"column":null}},"30":{"start":{"line":118,"column":0},"end":{"line":118,"column":null}},"31":{"start":{"line":119,"column":0},"end":{"line":124,"column":null}},"32":{"start":{"line":125,"column":0},"end":{"line":125,"column":null}},"33":{"start":{"line":126,"column":0},"end":{"line":126,"column":null}},"34":{"start":{"line":127,"column":0},"end":{"line":127,"column":null}},"35":{"start":{"line":129,"column":0},"end":{"line":129,"column":null}}},"fnMap":{"0":{"name":"(anonymous_0)","decl":{"start":{"line":78,"column":14},"end":{"line":78,"column":15}},"loc":{"start":{"line":78,"column":34},"end":{"line":83,"column":null}},"line":78},"1":{"name":"(anonymous_1)","decl":{"start":{"line":88,"column":13},"end":{"line":88,"column":14}},"loc":{"start":{"line":89,"column":2},"end":{"line":95,"column":null}},"line":89},"2":{"name":"(anonymous_2)","decl":{"start":{"line":99,"column":19},"end":{"line":99,"column":20}},"loc":{"start":{"line":99,"column":69},"end":{"line":99,"column":91}},"line":99},"3":{"name":"(anonymous_3)","decl":{"start":{"line":104,"column":25},"end":{"line":104,"column":26}},"loc":{"start":{"line":104,"column":75},"end":{"line":104,"column":96}},"line":104}},"branchMap":{"0":{"loc":{"start":{"line":79,"column":4},"end":{"line":81,"column":null}},"type":"if","locations":[{"start":{"line":79,"column":4},"end":{"line":81,"column":null}},{"start":{},"end":{}}],"line":79}},"s":{"0":5,"1":5,"2":5,"3":5,"4":5,"5":5,"6":5,"7":5,"8":5,"9":5,"10":5,"11":5,"12":0,"13":0,"14":0,"15":5,"16":5,"17":0,"18":5,"19":0,"20":5,"21":5,"22":0,"23":5,"24":5,"25":5,"26":5,"27":5,"28":5,"29":5,"30":5,"31":5,"32":5,"33":5,"34":5,"35":5},"f":{"0":0,"1":0,"2":0,"3":0},"b":{"0":[0,0]},"meta":{"lastBranch":1,"lastFunction":4,"lastStatement":36,"seen":{"s:42:6:42:Infinity":0,"s:43:18:43:Infinity":1,"s:49:6:49:Infinity":2,"s:51:0:51:Infinity":3,"s:55:0:55:Infinity":4,"s:57:0:57:Infinity":5,"s:58:0:58:Infinity":6,"s:59:0:59:Infinity":7,"s:61:0:68:Infinity":8,"s:71:19:71:Infinity":9,"s:72:0:72:Infinity":10,"s:73:6:84:Infinity":11,"f:78:14:78:15":0,"b:79:4:81:Infinity:undefined:undefined:undefined:undefined":0,"s:79:4:81:Infinity":12,"s:80:6:80:Infinity":13,"s:82:4:82:Infinity":14,"s:86:0:86:Infinity":15,"s:88:0:96:Infinity":16,"f:88:13:88:14":1,"s:89:2:95:Infinity":17,"s:99:0:99:Infinity":18,"f:99:19:99:20":2,"s:99:69:99:91":19,"s:102:0:102:Infinity":20,"s:104:0:104:Infinity":21,"f:104:25:104:26":3,"s:104:75:104:96":22,"s:105:0:105:Infinity":23,"s:109:6:109:Infinity":24,"s:110:6:110:Infinity":25,"s:111:6:111:Infinity":26,"s:112:6:112:Infinity":27,"s:113:6:113:Infinity":28,"s:115:6:115:Infinity":29,"s:118:0:118:Infinity":30,"s:119:0:124:Infinity":31,"s:125:0:125:Infinity":32,"s:126:0:126:Infinity":33,"s:127:0:127:Infinity":34,"s:129:0:129:Infinity":35}}}
,"C:\\Users\\lenil\\Documents\\GitHub\\ach-pet-api\\src\\__tests__\\integration\\logExample.ts": {"path":"C:\\Users\\lenil\\Documents\\GitHub\\ach-pet-api\\src\\__tests__\\integration\\logExample.ts","statementMap":{"0":{"start":{"line":7,"column":15},"end":{"line":7,"column":null}},"1":{"start":{"line":19,"column":28},"end":{"line":19,"column":null}},"2":{"start":{"line":23,"column":2},"end":{"line":23,"column":null}},"3":{"start":{"line":27,"column":11},"end":{"line":27,"column":null}},"4":{"start":{"line":28,"column":2},"end":{"line":34,"column":null}},"5":{"start":{"line":29,"column":4},"end":{"line":29,"column":null}},"6":{"start":{"line":30,"column":4},"end":{"line":30,"column":null}},"7":{"start":{"line":31,"column":4},"end":{"line":31,"column":null}},"8":{"start":{"line":32,"column":4},"end":{"line":32,"column":null}},"9":{"start":{"line":33,"column":4},"end":{"line":33,"column":null}},"10":{"start":{"line":35,"column":2},"end":{"line":35,"column":null}}},"fnMap":{"0":{"name":"logExample","decl":{"start":{"line":22,"column":16},"end":{"line":22,"column":27}},"loc":{"start":{"line":22,"column":70},"end":{"line":24,"column":null}},"line":22},"1":{"name":"saveExamples","decl":{"start":{"line":26,"column":16},"end":{"line":26,"column":31}},"loc":{"start":{"line":26,"column":31},"end":{"line":36,"column":null}},"line":26}},"branchMap":{},"s":{"0":1,"1":1,"2":2,"3":1,"4":1,"5":2,"6":2,"7":2,"8":2,"9":2,"10":1},"f":{"0":2,"1":1},"b":{},"meta":{"lastBranch":0,"lastFunction":2,"lastStatement":11,"seen":{"s:7:15:7:Infinity":0,"s:19:28:19:Infinity":1,"f:22:16:22:27":0,"s:23:2:23:Infinity":2,"f:26:16:26:31":1,"s:27:11:27:Infinity":3,"s:28:2:34:Infinity":4,"s:29:4:29:Infinity":5,"s:30:4:30:Infinity":6,"s:31:4:31:Infinity":7,"s:32:4:32:Infinity":8,"s:33:4:33:Infinity":9,"s:35:2:35:Infinity":10}}}
,"C:\\Users\\lenil\\Documents\\GitHub\\ach-pet-api\\src\\application\\use-cases\\adoptions\\approveRequest.ts": {"path":"C:\\Users\\lenil\\Documents\\GitHub\\ach-pet-api\\src\\application\\use-cases\\adoptions\\approveRequest.ts","statementMap":{"0":{"start":{"line":6,"column":2},"end":{"line":15,"column":null}},"1":{"start":{"line":7,"column":20},"end":{"line":7,"column":null}},"2":{"start":{"line":8,"column":4},"end":{"line":8,"column":null}},"3":{"start":{"line":8,"column":18},"end":{"line":8,"column":null}},"4":{"start":{"line":9,"column":4},"end":{"line":9,"column":null}},"5":{"start":{"line":9,"column":48},"end":{"line":9,"column":null}},"6":{"start":{"line":10,"column":4},"end":{"line":10,"column":null}},"7":{"start":{"line":10,"column":38},"end":{"line":10,"column":null}},"8":{"start":{"line":12,"column":19},"end":{"line":12,"column":null}},"9":{"start":{"line":13,"column":4},"end":{"line":13,"column":null}},"10":{"start":{"line":14,"column":4},"end":{"line":14,"column":null}}},"fnMap":{"0":{"name":"approveRequest","decl":{"start":{"line":5,"column":16},"end":{"line":5,"column":31}},"loc":{"start":{"line":5,"column":77},"end":{"line":16,"column":null}},"line":5},"1":{"name":"(anonymous_1)","decl":{"start":{"line":6,"column":9},"end":{"line":6,"column":16}},"loc":{"start":{"line":6,"column":91},"end":{"line":15,"column":null}},"line":6}},"branchMap":{"0":{"loc":{"start":{"line":8,"column":4},"end":{"line":8,"column":null}},"type":"if","locations":[{"start":{"line":8,"column":4},"end":{"line":8,"column":null}},{"start":{},"end":{}}],"line":8},"1":{"loc":{"start":{"line":9,"column":4},"end":{"line":9,"column":null}},"type":"if","locations":[{"start":{"line":9,"column":4},"end":{"line":9,"column":null}},{"start":{},"end":{}}],"line":9},"2":{"loc":{"start":{"line":10,"column":4},"end":{"line":10,"column":null}},"type":"if","locations":[{"start":{"line":10,"column":4},"end":{"line":10,"column":null}},{"start":{},"end":{}}],"line":10}},"s":{"0":0,"1":0,"2":0,"3":0,"4":0,"5":0,"6":0,"7":0,"8":0,"9":0,"10":0},"f":{"0":0,"1":0},"b":{"0":[0,0],"1":[0,0],"2":[0,0]},"meta":{"lastBranch":3,"lastFunction":2,"lastStatement":11,"seen":{"f:5:16:5:31":0,"s:6:2:15:Infinity":0,"f:6:9:6:16":1,"s:7:20:7:Infinity":1,"b:8:4:8:Infinity:undefined:undefined:undefined:undefined":0,"s:8:4:8:Infinity":2,"s:8:18:8:Infinity":3,"b:9:4:9:Infinity:undefined:undefined:undefined:undefined":1,"s:9:4:9:Infinity":4,"s:9:48:9:Infinity":5,"b:10:4:10:Infinity:undefined:undefined:undefined:undefined":2,"s:10:4:10:Infinity":6,"s:10:38:10:Infinity":7,"s:12:19:12:Infinity":8,"s:13:4:13:Infinity":9,"s:14:4:14:Infinity":10}}}
,"C:\\Users\\lenil\\Documents\\GitHub\\ach-pet-api\\src\\application\\use-cases\\adoptions\\createRequest.ts": {"path":"C:\\Users\\lenil\\Documents\\GitHub\\ach-pet-api\\src\\application\\use-cases\\adoptions\\createRequest.ts","statementMap":{"0":{"start":{"line":6,"column":2},"end":{"line":22,"column":null}},"1":{"start":{"line":7,"column":16},"end":{"line":7,"column":null}},"2":{"start":{"line":8,"column":4},"end":{"line":8,"column":null}},"3":{"start":{"line":8,"column":14},"end":{"line":8,"column":null}},"4":{"start":{"line":9,"column":4},"end":{"line":9,"column":null}},"5":{"start":{"line":9,"column":36},"end":{"line":9,"column":null}},"6":{"start":{"line":11,"column":21},"end":{"line":11,"column":null}},"7":{"start":{"line":12,"column":4},"end":{"line":12,"column":null}},"8":{"start":{"line":12,"column":18},"end":{"line":12,"column":null}},"9":{"start":{"line":14,"column":20},"end":{"line":19,"column":null}},"10":{"start":{"line":20,"column":4},"end":{"line":20,"column":null}},"11":{"start":{"line":21,"column":4},"end":{"line":21,"column":null}}},"fnMap":{"0":{"name":"createAdoptionRequest","decl":{"start":{"line":5,"column":16},"end":{"line":5,"column":38}},"loc":{"start":{"line":5,"column":84},"end":{"line":23,"column":null}},"line":5},"1":{"name":"(anonymous_1)","decl":{"start":{"line":6,"column":9},"end":{"line":6,"column":16}},"loc":{"start":{"line":6,"column":83},"end":{"line":22,"column":null}},"line":6}},"branchMap":{"0":{"loc":{"start":{"line":8,"column":4},"end":{"line":8,"column":null}},"type":"if","locations":[{"start":{"line":8,"column":4},"end":{"line":8,"column":null}},{"start":{},"end":{}}],"line":8},"1":{"loc":{"start":{"line":9,"column":4},"end":{"line":9,"column":null}},"type":"if","locations":[{"start":{"line":9,"column":4},"end":{"line":9,"column":null}},{"start":{},"end":{}}],"line":9},"2":{"loc":{"start":{"line":12,"column":4},"end":{"line":12,"column":null}},"type":"if","locations":[{"start":{"line":12,"column":4},"end":{"line":12,"column":null}},{"start":{},"end":{}}],"line":12}},"s":{"0":0,"1":0,"2":0,"3":0,"4":0,"5":0,"6":0,"7":0,"8":0,"9":0,"10":0,"11":0},"f":{"0":0,"1":0},"b":{"0":[0,0],"1":[0,0],"2":[0,0]},"meta":{"lastBranch":3,"lastFunction":2,"lastStatement":12,"seen":{"f:5:16:5:38":0,"s:6:2:22:Infinity":0,"f:6:9:6:16":1,"s:7:16:7:Infinity":1,"b:8:4:8:Infinity:undefined:undefined:undefined:undefined":0,"s:8:4:8:Infinity":2,"s:8:14:8:Infinity":3,"b:9:4:9:Infinity:undefined:undefined:undefined:undefined":1,"s:9:4:9:Infinity":4,"s:9:36:9:Infinity":5,"s:11:21:11:Infinity":6,"b:12:4:12:Infinity:undefined:undefined:undefined:undefined":2,"s:12:4:12:Infinity":7,"s:12:18:12:Infinity":8,"s:14:20:19:Infinity":9,"s:20:4:20:Infinity":10,"s:21:4:21:Infinity":11}}}
,"C:\\Users\\lenil\\Documents\\GitHub\\ach-pet-api\\src\\application\\use-cases\\adoptions\\interveneAdoption.ts": {"path":"C:\\Users\\lenil\\Documents\\GitHub\\ach-pet-api\\src\\application\\use-cases\\adoptions\\interveneAdoption.ts","statementMap":{"0":{"start":{"line":5,"column":2},"end":{"line":16,"column":null}},"1":{"start":{"line":6,"column":21},"end":{"line":6,"column":null}},"2":{"start":{"line":7,"column":4},"end":{"line":7,"column":null}},"3":{"start":{"line":7,"column":19},"end":{"line":7,"column":null}},"4":{"start":{"line":8,"column":4},"end":{"line":8,"column":null}},"5":{"start":{"line":8,"column":49},"end":{"line":8,"column":null}},"6":{"start":{"line":10,"column":4},"end":{"line":12,"column":null}},"7":{"start":{"line":11,"column":6},"end":{"line":11,"column":null}},"8":{"start":{"line":14,"column":20},"end":{"line":14,"column":null}},"9":{"start":{"line":15,"column":4},"end":{"line":15,"column":null}}},"fnMap":{"0":{"name":"interveneAdoption","decl":{"start":{"line":4,"column":16},"end":{"line":4,"column":34}},"loc":{"start":{"line":4,"column":80},"end":{"line":17,"column":null}},"line":4},"1":{"name":"(anonymous_1)","decl":{"start":{"line":5,"column":9},"end":{"line":5,"column":16}},"loc":{"start":{"line":5,"column":70},"end":{"line":16,"column":null}},"line":5}},"branchMap":{"0":{"loc":{"start":{"line":7,"column":4},"end":{"line":7,"column":null}},"type":"if","locations":[{"start":{"line":7,"column":4},"end":{"line":7,"column":null}},{"start":{},"end":{}}],"line":7},"1":{"loc":{"start":{"line":8,"column":4},"end":{"line":8,"column":null}},"type":"if","locations":[{"start":{"line":8,"column":4},"end":{"line":8,"column":null}},{"start":{},"end":{}}],"line":8},"2":{"loc":{"start":{"line":10,"column":4},"end":{"line":12,"column":null}},"type":"if","locations":[{"start":{"line":10,"column":4},"end":{"line":12,"column":null}},{"start":{},"end":{}}],"line":10},"3":{"loc":{"start":{"line":10,"column":8},"end":{"line":10,"column":76}},"type":"binary-expr","locations":[{"start":{"line":10,"column":8},"end":{"line":10,"column":40}},{"start":{"line":10,"column":40},"end":{"line":10,"column":76}}],"line":10}},"s":{"0":0,"1":0,"2":0,"3":0,"4":0,"5":0,"6":0,"7":0,"8":0,"9":0},"f":{"0":0,"1":0},"b":{"0":[0,0],"1":[0,0],"2":[0,0],"3":[0,0]},"meta":{"lastBranch":4,"lastFunction":2,"lastStatement":10,"seen":{"f:4:16:4:34":0,"s:5:2:16:Infinity":0,"f:5:9:5:16":1,"s:6:21:6:Infinity":1,"b:7:4:7:Infinity:undefined:undefined:undefined:undefined":0,"s:7:4:7:Infinity":2,"s:7:19:7:Infinity":3,"b:8:4:8:Infinity:undefined:undefined:undefined:undefined":1,"s:8:4:8:Infinity":4,"s:8:49:8:Infinity":5,"b:10:4:12:Infinity:undefined:undefined:undefined:undefined":2,"s:10:4:12:Infinity":6,"b:10:8:10:40:10:40:10:76":3,"s:11:6:11:Infinity":7,"s:14:20:14:Infinity":8,"s:15:4:15:Infinity":9}}}
,"C:\\Users\\lenil\\Documents\\GitHub\\ach-pet-api\\src\\application\\use-cases\\adoptions\\listInbox.ts": {"path":"C:\\Users\\lenil\\Documents\\GitHub\\ach-pet-api\\src\\application\\use-cases\\adoptions\\listInbox.ts","statementMap":{"0":{"start":{"line":4,"column":2},"end":{"line":7,"column":null}},"1":{"start":{"line":5,"column":21},"end":{"line":5,"column":null}},"2":{"start":{"line":6,"column":4},"end":{"line":6,"column":null}}},"fnMap":{"0":{"name":"listInbox","decl":{"start":{"line":3,"column":16},"end":{"line":3,"column":26}},"loc":{"start":{"line":3,"column":72},"end":{"line":8,"column":null}},"line":3},"1":{"name":"(anonymous_1)","decl":{"start":{"line":4,"column":9},"end":{"line":4,"column":16}},"loc":{"start":{"line":4,"column":38},"end":{"line":7,"column":null}},"line":4}},"branchMap":{},"s":{"0":0,"1":0,"2":0},"f":{"0":0,"1":0},"b":{},"meta":{"lastBranch":0,"lastFunction":2,"lastStatement":3,"seen":{"f:3:16:3:26":0,"s:4:2:7:Infinity":0,"f:4:9:4:16":1,"s:5:21:5:Infinity":1,"s:6:4:6:Infinity":2}}}
,"C:\\Users\\lenil\\Documents\\GitHub\\ach-pet-api\\src\\application\\use-cases\\adoptions\\listMine.ts": {"path":"C:\\Users\\lenil\\Documents\\GitHub\\ach-pet-api\\src\\application\\use-cases\\adoptions\\listMine.ts","statementMap":{"0":{"start":{"line":4,"column":2},"end":{"line":7,"column":null}},"1":{"start":{"line":5,"column":21},"end":{"line":5,"column":null}},"2":{"start":{"line":6,"column":4},"end":{"line":6,"column":null}}},"fnMap":{"0":{"name":"listMine","decl":{"start":{"line":3,"column":16},"end":{"line":3,"column":25}},"loc":{"start":{"line":3,"column":71},"end":{"line":8,"column":null}},"line":3},"1":{"name":"(anonymous_1)","decl":{"start":{"line":4,"column":9},"end":{"line":4,"column":16}},"loc":{"start":{"line":4,"column":38},"end":{"line":7,"column":null}},"line":4}},"branchMap":{},"s":{"0":0,"1":0,"2":0},"f":{"0":0,"1":0},"b":{},"meta":{"lastBranch":0,"lastFunction":2,"lastStatement":3,"seen":{"f:3:16:3:25":0,"s:4:2:7:Infinity":0,"f:4:9:4:16":1,"s:5:21:5:Infinity":1,"s:6:4:6:Infinity":2}}}
,"C:\\Users\\lenil\\Documents\\GitHub\\ach-pet-api\\src\\application\\use-cases\\adoptions\\rejectRequest.ts": {"path":"C:\\Users\\lenil\\Documents\\GitHub\\ach-pet-api\\src\\application\\use-cases\\adoptions\\rejectRequest.ts","statementMap":{"0":{"start":{"line":6,"column":2},"end":{"line":15,"column":null}},"1":{"start":{"line":7,"column":20},"end":{"line":7,"column":null}},"2":{"start":{"line":8,"column":4},"end":{"line":8,"column":null}},"3":{"start":{"line":8,"column":18},"end":{"line":8,"column":null}},"4":{"start":{"line":9,"column":4},"end":{"line":9,"column":null}},"5":{"start":{"line":9,"column":48},"end":{"line":9,"column":null}},"6":{"start":{"line":10,"column":4},"end":{"line":10,"column":null}},"7":{"start":{"line":10,"column":38},"end":{"line":10,"column":null}},"8":{"start":{"line":12,"column":20},"end":{"line":12,"column":null}},"9":{"start":{"line":13,"column":4},"end":{"line":13,"column":null}},"10":{"start":{"line":14,"column":4},"end":{"line":14,"column":null}}},"fnMap":{"0":{"name":"rejectRequest","decl":{"start":{"line":5,"column":16},"end":{"line":5,"column":30}},"loc":{"start":{"line":5,"column":76},"end":{"line":16,"column":null}},"line":5},"1":{"name":"(anonymous_1)","decl":{"start":{"line":6,"column":9},"end":{"line":6,"column":16}},"loc":{"start":{"line":6,"column":69},"end":{"line":15,"column":null}},"line":6}},"branchMap":{"0":{"loc":{"start":{"line":8,"column":4},"end":{"line":8,"column":null}},"type":"if","locations":[{"start":{"line":8,"column":4},"end":{"line":8,"column":null}},{"start":{},"end":{}}],"line":8},"1":{"loc":{"start":{"line":9,"column":4},"end":{"line":9,"column":null}},"type":"if","locations":[{"start":{"line":9,"column":4},"end":{"line":9,"column":null}},{"start":{},"end":{}}],"line":9},"2":{"loc":{"start":{"line":10,"column":4},"end":{"line":10,"column":null}},"type":"if","locations":[{"start":{"line":10,"column":4},"end":{"line":10,"column":null}},{"start":{},"end":{}}],"line":10}},"s":{"0":0,"1":0,"2":0,"3":0,"4":0,"5":0,"6":0,"7":0,"8":0,"9":0,"10":0},"f":{"0":0,"1":0},"b":{"0":[0,0],"1":[0,0],"2":[0,0]},"meta":{"lastBranch":3,"lastFunction":2,"lastStatement":11,"seen":{"f:5:16:5:30":0,"s:6:2:15:Infinity":0,"f:6:9:6:16":1,"s:7:20:7:Infinity":1,"b:8:4:8:Infinity:undefined:undefined:undefined:undefined":0,"s:8:4:8:Infinity":2,"s:8:18:8:Infinity":3,"b:9:4:9:Infinity:undefined:undefined:undefined:undefined":1,"s:9:4:9:Infinity":4,"s:9:48:9:Infinity":5,"b:10:4:10:Infinity:undefined:undefined:undefined:undefined":2,"s:10:4:10:Infinity":6,"s:10:38:10:Infinity":7,"s:12:20:12:Infinity":8,"s:13:4:13:Infinity":9,"s:14:4:14:Infinity":10}}}
,"C:\\Users\\lenil\\Documents\\GitHub\\ach-pet-api\\src\\application\\use-cases\\auth\\loginUser.ts": {"path":"C:\\Users\\lenil\\Documents\\GitHub\\ach-pet-api\\src\\application\\use-cases\\auth\\loginUser.ts","statementMap":{"0":{"start":{"line":22,"column":21},"end":{"line":22,"column":null}},"1":{"start":{"line":23,"column":2},"end":{"line":44,"column":null}},"2":{"start":{"line":24,"column":4},"end":{"line":24,"column":null}},"3":{"start":{"line":25,"column":17},"end":{"line":25,"column":null}},"4":{"start":{"line":27,"column":4},"end":{"line":30,"column":null}},"5":{"start":{"line":28,"column":6},"end":{"line":28,"column":null}},"6":{"start":{"line":29,"column":6},"end":{"line":29,"column":null}},"7":{"start":{"line":32,"column":15},"end":{"line":32,"column":null}},"8":{"start":{"line":33,"column":4},"end":{"line":36,"column":null}},"9":{"start":{"line":34,"column":6},"end":{"line":34,"column":null}},"10":{"start":{"line":35,"column":6},"end":{"line":35,"column":null}},"11":{"start":{"line":38,"column":18},"end":{"line":38,"column":null}},"12":{"start":{"line":39,"column":4},"end":{"line":39,"column":null}},"13":{"start":{"line":40,"column":4},"end":{"line":43,"column":null}}},"fnMap":{"0":{"name":"loginUser","decl":{"start":{"line":16,"column":22},"end":{"line":16,"column":32}},"loc":{"start":{"line":20,"column":3},"end":{"line":45,"column":null}},"line":20},"1":{"name":"(anonymous_1)","decl":{"start":{"line":23,"column":9},"end":{"line":23,"column":16}},"loc":{"start":{"line":23,"column":70},"end":{"line":44,"column":null}},"line":23}},"branchMap":{"0":{"loc":{"start":{"line":27,"column":4},"end":{"line":30,"column":null}},"type":"if","locations":[{"start":{"line":27,"column":4},"end":{"line":30,"column":null}},{"start":{},"end":{}}],"line":27},"1":{"loc":{"start":{"line":33,"column":4},"end":{"line":36,"column":null}},"type":"if","locations":[{"start":{"line":33,"column":4},"end":{"line":36,"column":null}},{"start":{},"end":{}}],"line":33}},"s":{"0":6,"1":6,"2":6,"3":6,"4":6,"5":2,"6":2,"7":4,"8":4,"9":2,"10":2,"11":2,"12":2,"13":2},"f":{"0":6,"1":6},"b":{"0":[2,4],"1":[2,2]},"meta":{"lastBranch":2,"lastFunction":2,"lastStatement":14,"seen":{"f:16:22:16:32":0,"s:22:21:22:Infinity":0,"s:23:2:44:Infinity":1,"f:23:9:23:16":1,"s:24:4:24:Infinity":2,"s:25:17:25:Infinity":3,"b:27:4:30:Infinity:undefined:undefined:undefined:undefined":0,"s:27:4:30:Infinity":4,"s:28:6:28:Infinity":5,"s:29:6:29:Infinity":6,"s:32:15:32:Infinity":7,"b:33:4:36:Infinity:undefined:undefined:undefined:undefined":1,"s:33:4:36:Infinity":8,"s:34:6:34:Infinity":9,"s:35:6:35:Infinity":10,"s:38:18:38:Infinity":11,"s:39:4:39:Infinity":12,"s:40:4:43:Infinity":13}}}
,"C:\\Users\\lenil\\Documents\\GitHub\\ach-pet-api\\src\\application\\use-cases\\auth\\registerUser.ts": {"path":"C:\\Users\\lenil\\Documents\\GitHub\\ach-pet-api\\src\\application\\use-cases\\auth\\registerUser.ts","statementMap":{"0":{"start":{"line":27,"column":20},"end":{"line":27,"column":null}},"1":{"start":{"line":28,"column":23},"end":{"line":28,"column":null}},"2":{"start":{"line":29,"column":20},"end":{"line":29,"column":null}},"3":{"start":{"line":30,"column":2},"end":{"line":72,"column":null}},"4":{"start":{"line":32,"column":4},"end":{"line":34,"column":null}},"5":{"start":{"line":33,"column":6},"end":{"line":33,"column":null}},"6":{"start":{"line":35,"column":4},"end":{"line":37,"column":null}},"7":{"start":{"line":36,"column":6},"end":{"line":36,"column":null}},"8":{"start":{"line":38,"column":4},"end":{"line":40,"column":null}},"9":{"start":{"line":39,"column":6},"end":{"line":39,"column":null}},"10":{"start":{"line":41,"column":4},"end":{"line":43,"column":null}},"11":{"start":{"line":42,"column":6},"end":{"line":42,"column":null}},"12":{"start":{"line":45,"column":4},"end":{"line":52,"column":null}},"13":{"start":{"line":46,"column":6},"end":{"line":46,"column":null}},"14":{"start":{"line":47,"column":6},"end":{"line":47,"column":null}},"15":{"start":{"line":48,"column":6},"end":{"line":48,"column":null}},"16":{"start":{"line":48,"column":21},"end":{"line":48,"column":null}},"17":{"start":{"line":50,"column":20},"end":{"line":50,"column":null}},"18":{"start":{"line":51,"column":6},"end":{"line":51,"column":null}},"19":{"start":{"line":54,"column":19},"end":{"line":54,"column":null}},"20":{"start":{"line":55,"column":4},"end":{"line":55,"column":null}},"21":{"start":{"line":55,"column":16},"end":{"line":55,"column":null}},"22":{"start":{"line":57,"column":25},"end":{"line":57,"column":null}},"23":{"start":{"line":59,"column":33},"end":{"line":66,"column":null}},"24":{"start":{"line":68,"column":17},"end":{"line":68,"column":null}},"25":{"start":{"line":69,"column":4},"end":{"line":69,"column":null}},"26":{"start":{"line":70,"column":18},"end":{"line":70,"column":null}},"27":{"start":{"line":71,"column":4},"end":{"line":71,"column":null}}},"fnMap":{"0":{"name":"registerUser","decl":{"start":{"line":21,"column":22},"end":{"line":21,"column":35}},"loc":{"start":{"line":25,"column":3},"end":{"line":73,"column":null}},"line":25},"1":{"name":"(anonymous_1)","decl":{"start":{"line":30,"column":9},"end":{"line":30,"column":16}},"loc":{"start":{"line":30,"column":76},"end":{"line":72,"column":null}},"line":30}},"branchMap":{"0":{"loc":{"start":{"line":32,"column":4},"end":{"line":34,"column":null}},"type":"if","locations":[{"start":{"line":32,"column":4},"end":{"line":34,"column":null}},{"start":{},"end":{}}],"line":32},"1":{"loc":{"start":{"line":32,"column":8},"end":{"line":32,"column":65}},"type":"binary-expr","locations":[{"start":{"line":32,"column":8},"end":{"line":32,"column":21}},{"start":{"line":32,"column":21},"end":{"line":32,"column":65}}],"line":32},"2":{"loc":{"start":{"line":35,"column":4},"end":{"line":37,"column":null}},"type":"if","locations":[{"start":{"line":35,"column":4},"end":{"line":37,"column":null}},{"start":{},"end":{}}],"line":35},"3":{"loc":{"start":{"line":35,"column":8},"end":{"line":35,"column":49}},"type":"binary-expr","locations":[{"start":{"line":35,"column":8},"end":{"line":35,"column":21}},{"start":{"line":35,"column":21},"end":{"line":35,"column":49}}],"line":35},"4":{"loc":{"start":{"line":38,"column":4},"end":{"line":40,"column":null}},"type":"if","locations":[{"start":{"line":38,"column":4},"end":{"line":40,"column":null}},{"start":{},"end":{}}],"line":38},"5":{"loc":{"start":{"line":41,"column":4},"end":{"line":43,"column":null}},"type":"if","locations":[{"start":{"line":41,"column":4},"end":{"line":43,"column":null}},{"start":{},"end":{}}],"line":41},"6":{"loc":{"start":{"line":48,"column":6},"end":{"line":48,"column":null}},"type":"if","locations":[{"start":{"line":48,"column":6},"end":{"line":48,"column":null}},{"start":{},"end":{}}],"line":48},"7":{"loc":{"start":{"line":55,"column":4},"end":{"line":55,"column":null}},"type":"if","locations":[{"start":{"line":55,"column":4},"end":{"line":55,"column":null}},{"start":{},"end":{}}],"line":55}},"s":{"0":5,"1":5,"2":5,"3":5,"4":5,"5":0,"6":5,"7":0,"8":5,"9":0,"10":5,"11":0,"12":5,"13":5,"14":5,"15":5,"16":0,"17":0,"18":0,"19":5,"20":5,"21":1,"22":4,"23":4,"24":4,"25":4,"26":4,"27":4},"f":{"0":5,"1":5},"b":{"0":[0,5],"1":[5,5],"2":[0,5],"3":[5,5],"4":[0,5],"5":[0,5],"6":[0,5],"7":[1,4]},"meta":{"lastBranch":8,"lastFunction":2,"lastStatement":28,"seen":{"f:21:22:21:35":0,"s:27:20:27:Infinity":0,"s:28:23:28:Infinity":1,"s:29:20:29:Infinity":2,"s:30:2:72:Infinity":3,"f:30:9:30:16":1,"b:32:4:34:Infinity:undefined:undefined:undefined:undefined":0,"s:32:4:34:Infinity":4,"b:32:8:32:21:32:21:32:65":1,"s:33:6:33:Infinity":5,"b:35:4:37:Infinity:undefined:undefined:undefined:undefined":2,"s:35:4:37:Infinity":6,"b:35:8:35:21:35:21:35:49":3,"s:36:6:36:Infinity":7,"b:38:4:40:Infinity:undefined:undefined:undefined:undefined":4,"s:38:4:40:Infinity":8,"s:39:6:39:Infinity":9,"b:41:4:43:Infinity:undefined:undefined:undefined:undefined":5,"s:41:4:43:Infinity":10,"s:42:6:42:Infinity":11,"s:45:4:52:Infinity":12,"s:46:6:46:Infinity":13,"s:47:6:47:Infinity":14,"b:48:6:48:Infinity:undefined:undefined:undefined:undefined":6,"s:48:6:48:Infinity":15,"s:48:21:48:Infinity":16,"s:50:20:50:Infinity":17,"s:51:6:51:Infinity":18,"s:54:19:54:Infinity":19,"b:55:4:55:Infinity:undefined:undefined:undefined:undefined":7,"s:55:4:55:Infinity":20,"s:55:16:55:Infinity":21,"s:57:25:57:Infinity":22,"s:59:33:66:Infinity":23,"s:68:17:68:Infinity":24,"s:69:4:69:Infinity":25,"s:70:18:70:Infinity":26,"s:71:4:71:Infinity":27}}}
,"C:\\Users\\lenil\\Documents\\GitHub\\ach-pet-api\\src\\application\\use-cases\\chat\\listMessages.ts": {"path":"C:\\Users\\lenil\\Documents\\GitHub\\ach-pet-api\\src\\application\\use-cases\\chat\\listMessages.ts","statementMap":{"0":{"start":{"line":5,"column":2},"end":{"line":15,"column":null}},"1":{"start":{"line":6,"column":25},"end":{"line":6,"column":null}},"2":{"start":{"line":7,"column":4},"end":{"line":7,"column":null}},"3":{"start":{"line":7,"column":23},"end":{"line":7,"column":null}},"4":{"start":{"line":9,"column":4},"end":{"line":11,"column":null}},"5":{"start":{"line":10,"column":6},"end":{"line":10,"column":null}},"6":{"start":{"line":13,"column":21},"end":{"line":13,"column":null}},"7":{"start":{"line":14,"column":4},"end":{"line":14,"column":null}}},"fnMap":{"0":{"name":"listMessages","decl":{"start":{"line":4,"column":16},"end":{"line":4,"column":29}},"loc":{"start":{"line":4,"column":65},"end":{"line":16,"column":null}},"line":4},"1":{"name":"(anonymous_1)","decl":{"start":{"line":5,"column":9},"end":{"line":5,"column":16}},"loc":{"start":{"line":5,"column":65},"end":{"line":15,"column":null}},"line":5}},"branchMap":{"0":{"loc":{"start":{"line":7,"column":4},"end":{"line":7,"column":null}},"type":"if","locations":[{"start":{"line":7,"column":4},"end":{"line":7,"column":null}},{"start":{},"end":{}}],"line":7},"1":{"loc":{"start":{"line":9,"column":4},"end":{"line":11,"column":null}},"type":"if","locations":[{"start":{"line":9,"column":4},"end":{"line":11,"column":null}},{"start":{},"end":{}}],"line":9},"2":{"loc":{"start":{"line":9,"column":8},"end":{"line":9,"column":94}},"type":"binary-expr","locations":[{"start":{"line":9,"column":8},"end":{"line":9,"column":52}},{"start":{"line":9,"column":52},"end":{"line":9,"column":94}}],"line":9}},"s":{"0":0,"1":0,"2":0,"3":0,"4":0,"5":0,"6":0,"7":0},"f":{"0":0,"1":0},"b":{"0":[0,0],"1":[0,0],"2":[0,0]},"meta":{"lastBranch":3,"lastFunction":2,"lastStatement":8,"seen":{"f:4:16:4:29":0,"s:5:2:15:Infinity":0,"f:5:9:5:16":1,"s:6:25:6:Infinity":1,"b:7:4:7:Infinity:undefined:undefined:undefined:undefined":0,"s:7:4:7:Infinity":2,"s:7:23:7:Infinity":3,"b:9:4:11:Infinity:undefined:undefined:undefined:undefined":1,"s:9:4:11:Infinity":4,"b:9:8:9:52:9:52:9:94":2,"s:10:6:10:Infinity":5,"s:13:21:13:Infinity":6,"s:14:4:14:Infinity":7}}}
,"C:\\Users\\lenil\\Documents\\GitHub\\ach-pet-api\\src\\application\\use-cases\\chat\\sendMessage.ts": {"path":"C:\\Users\\lenil\\Documents\\GitHub\\ach-pet-api\\src\\application\\use-cases\\chat\\sendMessage.ts","statementMap":{"0":{"start":{"line":5,"column":2},"end":{"line":20,"column":null}},"1":{"start":{"line":6,"column":25},"end":{"line":6,"column":null}},"2":{"start":{"line":7,"column":4},"end":{"line":7,"column":null}},"3":{"start":{"line":7,"column":23},"end":{"line":7,"column":null}},"4":{"start":{"line":9,"column":4},"end":{"line":11,"column":null}},"5":{"start":{"line":10,"column":6},"end":{"line":10,"column":null}},"6":{"start":{"line":13,"column":20},"end":{"line":17,"column":null}},"7":{"start":{"line":19,"column":4},"end":{"line":19,"column":null}}},"fnMap":{"0":{"name":"sendMessage","decl":{"start":{"line":4,"column":16},"end":{"line":4,"column":28}},"loc":{"start":{"line":4,"column":64},"end":{"line":21,"column":null}},"line":4},"1":{"name":"(anonymous_1)","decl":{"start":{"line":5,"column":9},"end":{"line":5,"column":16}},"loc":{"start":{"line":5,"column":82},"end":{"line":20,"column":null}},"line":5}},"branchMap":{"0":{"loc":{"start":{"line":7,"column":4},"end":{"line":7,"column":null}},"type":"if","locations":[{"start":{"line":7,"column":4},"end":{"line":7,"column":null}},{"start":{},"end":{}}],"line":7},"1":{"loc":{"start":{"line":9,"column":4},"end":{"line":11,"column":null}},"type":"if","locations":[{"start":{"line":9,"column":4},"end":{"line":11,"column":null}},{"start":{},"end":{}}],"line":9},"2":{"loc":{"start":{"line":9,"column":8},"end":{"line":9,"column":94}},"type":"binary-expr","locations":[{"start":{"line":9,"column":8},"end":{"line":9,"column":52}},{"start":{"line":9,"column":52},"end":{"line":9,"column":94}}],"line":9}},"s":{"0":0,"1":0,"2":0,"3":0,"4":0,"5":0,"6":0,"7":0},"f":{"0":0,"1":0},"b":{"0":[0,0],"1":[0,0],"2":[0,0]},"meta":{"lastBranch":3,"lastFunction":2,"lastStatement":8,"seen":{"f:4:16:4:28":0,"s:5:2:20:Infinity":0,"f:5:9:5:16":1,"s:6:25:6:Infinity":1,"b:7:4:7:Infinity:undefined:undefined:undefined:undefined":0,"s:7:4:7:Infinity":2,"s:7:23:7:Infinity":3,"b:9:4:11:Infinity:undefined:undefined:undefined:undefined":1,"s:9:4:11:Infinity":4,"b:9:8:9:52:9:52:9:94":2,"s:10:6:10:Infinity":5,"s:13:20:17:Infinity":6,"s:19:4:19:Infinity":7}}}
,"C:\\Users\\lenil\\Documents\\GitHub\\ach-pet-api\\src\\application\\use-cases\\followup\\createUpdate.ts": {"path":"C:\\Users\\lenil\\Documents\\GitHub\\ach-pet-api\\src\\application\\use-cases\\followup\\createUpdate.ts","statementMap":{"0":{"start":{"line":5,"column":2},"end":{"line":23,"column":null}},"1":{"start":{"line":6,"column":4},"end":{"line":6,"column":null}},"2":{"start":{"line":6,"column":42},"end":{"line":6,"column":null}},"3":{"start":{"line":8,"column":25},"end":{"line":8,"column":null}},"4":{"start":{"line":9,"column":4},"end":{"line":9,"column":null}},"5":{"start":{"line":9,"column":23},"end":{"line":9,"column":null}},"6":{"start":{"line":11,"column":4},"end":{"line":13,"column":null}},"7":{"start":{"line":12,"column":6},"end":{"line":12,"column":null}},"8":{"start":{"line":15,"column":19},"end":{"line":20,"column":null}},"9":{"start":{"line":22,"column":4},"end":{"line":22,"column":null}}},"fnMap":{"0":{"name":"createUpdate","decl":{"start":{"line":4,"column":16},"end":{"line":4,"column":29}},"loc":{"start":{"line":4,"column":73},"end":{"line":24,"column":null}},"line":4},"1":{"name":"(anonymous_1)","decl":{"start":{"line":5,"column":9},"end":{"line":5,"column":16}},"loc":{"start":{"line":5,"column":101},"end":{"line":23,"column":null}},"line":5}},"branchMap":{"0":{"loc":{"start":{"line":6,"column":4},"end":{"line":6,"column":null}},"type":"if","locations":[{"start":{"line":6,"column":4},"end":{"line":6,"column":null}},{"start":{},"end":{}}],"line":6},"1":{"loc":{"start":{"line":6,"column":8},"end":{"line":6,"column":42}},"type":"binary-expr","locations":[{"start":{"line":6,"column":8},"end":{"line":6,"column":24}},{"start":{"line":6,"column":24},"end":{"line":6,"column":42}}],"line":6},"2":{"loc":{"start":{"line":9,"column":4},"end":{"line":9,"column":null}},"type":"if","locations":[{"start":{"line":9,"column":4},"end":{"line":9,"column":null}},{"start":{},"end":{}}],"line":9},"3":{"loc":{"start":{"line":11,"column":4},"end":{"line":13,"column":null}},"type":"if","locations":[{"start":{"line":11,"column":4},"end":{"line":13,"column":null}},{"start":{},"end":{}}],"line":11},"4":{"loc":{"start":{"line":11,"column":8},"end":{"line":11,"column":94}},"type":"binary-expr","locations":[{"start":{"line":11,"column":8},"end":{"line":11,"column":52}},{"start":{"line":11,"column":52},"end":{"line":11,"column":94}}],"line":11}},"s":{"0":0,"1":0,"2":0,"3":0,"4":0,"5":0,"6":0,"7":0,"8":0,"9":0},"f":{"0":0,"1":0},"b":{"0":[0,0],"1":[0,0],"2":[0,0],"3":[0,0],"4":[0,0]},"meta":{"lastBranch":5,"lastFunction":2,"lastStatement":10,"seen":{"f:4:16:4:29":0,"s:5:2:23:Infinity":0,"f:5:9:5:16":1,"b:6:4:6:Infinity:undefined:undefined:undefined:undefined":0,"s:6:4:6:Infinity":1,"b:6:8:6:24:6:24:6:42":1,"s:6:42:6:Infinity":2,"s:8:25:8:Infinity":3,"b:9:4:9:Infinity:undefined:undefined:undefined:undefined":2,"s:9:4:9:Infinity":4,"s:9:23:9:Infinity":5,"b:11:4:13:Infinity:undefined:undefined:undefined:undefined":3,"s:11:4:13:Infinity":6,"b:11:8:11:52:11:52:11:94":4,"s:12:6:12:Infinity":7,"s:15:19:20:Infinity":8,"s:22:4:22:Infinity":9}}}
,"C:\\Users\\lenil\\Documents\\GitHub\\ach-pet-api\\src\\application\\use-cases\\followup\\listUpdates.ts": {"path":"C:\\Users\\lenil\\Documents\\GitHub\\ach-pet-api\\src\\application\\use-cases\\followup\\listUpdates.ts","statementMap":{"0":{"start":{"line":5,"column":2},"end":{"line":15,"column":null}},"1":{"start":{"line":6,"column":25},"end":{"line":6,"column":null}},"2":{"start":{"line":7,"column":4},"end":{"line":7,"column":null}},"3":{"start":{"line":7,"column":23},"end":{"line":7,"column":null}},"4":{"start":{"line":9,"column":4},"end":{"line":11,"column":null}},"5":{"start":{"line":10,"column":6},"end":{"line":10,"column":null}},"6":{"start":{"line":13,"column":20},"end":{"line":13,"column":null}},"7":{"start":{"line":14,"column":4},"end":{"line":14,"column":null}}},"fnMap":{"0":{"name":"listUpdates","decl":{"start":{"line":4,"column":16},"end":{"line":4,"column":28}},"loc":{"start":{"line":4,"column":72},"end":{"line":16,"column":null}},"line":4},"1":{"name":"(anonymous_1)","decl":{"start":{"line":5,"column":9},"end":{"line":5,"column":16}},"loc":{"start":{"line":5,"column":67},"end":{"line":15,"column":null}},"line":5}},"branchMap":{"0":{"loc":{"start":{"line":7,"column":4},"end":{"line":7,"column":null}},"type":"if","locations":[{"start":{"line":7,"column":4},"end":{"line":7,"column":null}},{"start":{},"end":{}}],"line":7},"1":{"loc":{"start":{"line":9,"column":4},"end":{"line":11,"column":null}},"type":"if","locations":[{"start":{"line":9,"column":4},"end":{"line":11,"column":null}},{"start":{},"end":{}}],"line":9},"2":{"loc":{"start":{"line":9,"column":8},"end":{"line":9,"column":94}},"type":"binary-expr","locations":[{"start":{"line":9,"column":8},"end":{"line":9,"column":52}},{"start":{"line":9,"column":52},"end":{"line":9,"column":94}}],"line":9}},"s":{"0":0,"1":0,"2":0,"3":0,"4":0,"5":0,"6":0,"7":0},"f":{"0":0,"1":0},"b":{"0":[0,0],"1":[0,0],"2":[0,0]},"meta":{"lastBranch":3,"lastFunction":2,"lastStatement":8,"seen":{"f:4:16:4:28":0,"s:5:2:15:Infinity":0,"f:5:9:5:16":1,"s:6:25:6:Infinity":1,"b:7:4:7:Infinity:undefined:undefined:undefined:undefined":0,"s:7:4:7:Infinity":2,"s:7:23:7:Infinity":3,"b:9:4:11:Infinity:undefined:undefined:undefined:undefined":1,"s:9:4:11:Infinity":4,"b:9:8:9:52:9:52:9:94":2,"s:10:6:10:Infinity":5,"s:13:20:13:Infinity":6,"s:14:4:14:Infinity":7}}}
,"C:\\Users\\lenil\\Documents\\GitHub\\ach-pet-api\\src\\application\\use-cases\\pets\\addPetPhoto.ts": {"path":"C:\\Users\\lenil\\Documents\\GitHub\\ach-pet-api\\src\\application\\use-cases\\pets\\addPetPhoto.ts","statementMap":{"0":{"start":{"line":5,"column":2},"end":{"line":12,"column":null}},"1":{"start":{"line":6,"column":27},"end":{"line":6,"column":null}},"2":{"start":{"line":7,"column":4},"end":{"line":7,"column":null}},"3":{"start":{"line":7,"column":25},"end":{"line":7,"column":null}},"4":{"start":{"line":8,"column":4},"end":{"line":8,"column":null}},"5":{"start":{"line":8,"column":45},"end":{"line":8,"column":null}},"6":{"start":{"line":10,"column":18},"end":{"line":10,"column":null}},"7":{"start":{"line":11,"column":4},"end":{"line":11,"column":null}}},"fnMap":{"0":{"name":"addPetPhoto","decl":{"start":{"line":4,"column":16},"end":{"line":4,"column":28}},"loc":{"start":{"line":4,"column":64},"end":{"line":13,"column":null}},"line":4},"1":{"name":"(anonymous_1)","decl":{"start":{"line":5,"column":9},"end":{"line":5,"column":16}},"loc":{"start":{"line":5,"column":78},"end":{"line":12,"column":null}},"line":5}},"branchMap":{"0":{"loc":{"start":{"line":7,"column":4},"end":{"line":7,"column":null}},"type":"if","locations":[{"start":{"line":7,"column":4},"end":{"line":7,"column":null}},{"start":{},"end":{}}],"line":7},"1":{"loc":{"start":{"line":8,"column":4},"end":{"line":8,"column":null}},"type":"if","locations":[{"start":{"line":8,"column":4},"end":{"line":8,"column":null}},{"start":{},"end":{}}],"line":8}},"s":{"0":0,"1":0,"2":0,"3":0,"4":0,"5":0,"6":0,"7":0},"f":{"0":0,"1":0},"b":{"0":[0,0],"1":[0,0]},"meta":{"lastBranch":2,"lastFunction":2,"lastStatement":8,"seen":{"f:4:16:4:28":0,"s:5:2:12:Infinity":0,"f:5:9:5:16":1,"s:6:27:6:Infinity":1,"b:7:4:7:Infinity:undefined:undefined:undefined:undefined":0,"s:7:4:7:Infinity":2,"s:7:25:7:Infinity":3,"b:8:4:8:Infinity:undefined:undefined:undefined:undefined":1,"s:8:4:8:Infinity":4,"s:8:45:8:Infinity":5,"s:10:18:10:Infinity":6,"s:11:4:11:Infinity":7}}}
,"C:\\Users\\lenil\\Documents\\GitHub\\ach-pet-api\\src\\application\\use-cases\\pets\\createPet.ts": {"path":"C:\\Users\\lenil\\Documents\\GitHub\\ach-pet-api\\src\\application\\use-cases\\pets\\createPet.ts","statementMap":{"0":{"start":{"line":5,"column":2},"end":{"line":9,"column":null}},"1":{"start":{"line":6,"column":16},"end":{"line":6,"column":null}},"2":{"start":{"line":7,"column":4},"end":{"line":7,"column":null}},"3":{"start":{"line":8,"column":4},"end":{"line":8,"column":null}}},"fnMap":{"0":{"name":"createPet","decl":{"start":{"line":4,"column":16},"end":{"line":4,"column":26}},"loc":{"start":{"line":4,"column":62},"end":{"line":10,"column":null}},"line":4},"1":{"name":"(anonymous_1)","decl":{"start":{"line":5,"column":9},"end":{"line":5,"column":16}},"loc":{"start":{"line":5,"column":61},"end":{"line":9,"column":null}},"line":5}},"branchMap":{},"s":{"0":0,"1":0,"2":0,"3":0},"f":{"0":0,"1":0},"b":{},"meta":{"lastBranch":0,"lastFunction":2,"lastStatement":4,"seen":{"f:4:16:4:26":0,"s:5:2:9:Infinity":0,"f:5:9:5:16":1,"s:6:16:6:Infinity":1,"s:7:4:7:Infinity":2,"s:8:4:8:Infinity":3}}}
,"C:\\Users\\lenil\\Documents\\GitHub\\ach-pet-api\\src\\application\\use-cases\\pets\\favoritePet.ts": {"path":"C:\\Users\\lenil\\Documents\\GitHub\\ach-pet-api\\src\\application\\use-cases\\pets\\favoritePet.ts","statementMap":{"0":{"start":{"line":5,"column":2},"end":{"line":11,"column":null}},"1":{"start":{"line":6,"column":16},"end":{"line":6,"column":null}},"2":{"start":{"line":7,"column":4},"end":{"line":7,"column":null}},"3":{"start":{"line":7,"column":14},"end":{"line":7,"column":null}},"4":{"start":{"line":9,"column":4},"end":{"line":9,"column":null}},"5":{"start":{"line":10,"column":4},"end":{"line":10,"column":null}}},"fnMap":{"0":{"name":"favoritePet","decl":{"start":{"line":4,"column":16},"end":{"line":4,"column":28}},"loc":{"start":{"line":4,"column":64},"end":{"line":12,"column":null}},"line":4},"1":{"name":"(anonymous_1)","decl":{"start":{"line":5,"column":9},"end":{"line":5,"column":16}},"loc":{"start":{"line":5,"column":62},"end":{"line":11,"column":null}},"line":5}},"branchMap":{"0":{"loc":{"start":{"line":7,"column":4},"end":{"line":7,"column":null}},"type":"if","locations":[{"start":{"line":7,"column":4},"end":{"line":7,"column":null}},{"start":{},"end":{}}],"line":7}},"s":{"0":0,"1":0,"2":0,"3":0,"4":0,"5":0},"f":{"0":0,"1":0},"b":{"0":[0,0]},"meta":{"lastBranch":1,"lastFunction":2,"lastStatement":6,"seen":{"f:4:16:4:28":0,"s:5:2:11:Infinity":0,"f:5:9:5:16":1,"s:6:16:6:Infinity":1,"b:7:4:7:Infinity:undefined:undefined:undefined:undefined":0,"s:7:4:7:Infinity":2,"s:7:14:7:Infinity":3,"s:9:4:9:Infinity":4,"s:10:4:10:Infinity":5}}}
,"C:\\Users\\lenil\\Documents\\GitHub\\ach-pet-api\\src\\application\\use-cases\\pets\\getPet.ts": {"path":"C:\\Users\\lenil\\Documents\\GitHub\\ach-pet-api\\src\\application\\use-cases\\pets\\getPet.ts","statementMap":{"0":{"start":{"line":5,"column":2},"end":{"line":9,"column":null}},"1":{"start":{"line":6,"column":16},"end":{"line":6,"column":null}},"2":{"start":{"line":7,"column":4},"end":{"line":7,"column":null}},"3":{"start":{"line":7,"column":14},"end":{"line":7,"column":null}},"4":{"start":{"line":8,"column":4},"end":{"line":8,"column":null}}},"fnMap":{"0":{"name":"getPet","decl":{"start":{"line":4,"column":16},"end":{"line":4,"column":23}},"loc":{"start":{"line":4,"column":59},"end":{"line":10,"column":null}},"line":4},"1":{"name":"(anonymous_1)","decl":{"start":{"line":5,"column":9},"end":{"line":5,"column":16}},"loc":{"start":{"line":5,"column":31},"end":{"line":9,"column":null}},"line":5}},"branchMap":{"0":{"loc":{"start":{"line":7,"column":4},"end":{"line":7,"column":null}},"type":"if","locations":[{"start":{"line":7,"column":4},"end":{"line":7,"column":null}},{"start":{},"end":{}}],"line":7}},"s":{"0":0,"1":0,"2":0,"3":0,"4":0},"f":{"0":0,"1":0},"b":{"0":[0,0]},"meta":{"lastBranch":1,"lastFunction":2,"lastStatement":5,"seen":{"f:4:16:4:23":0,"s:5:2:9:Infinity":0,"f:5:9:5:16":1,"s:6:16:6:Infinity":1,"b:7:4:7:Infinity:undefined:undefined:undefined:undefined":0,"s:7:4:7:Infinity":2,"s:7:14:7:Infinity":3,"s:8:4:8:Infinity":4}}}
,"C:\\Users\\lenil\\Documents\\GitHub\\ach-pet-api\\src\\application\\use-cases\\pets\\listMyPets.ts": {"path":"C:\\Users\\lenil\\Documents\\GitHub\\ach-pet-api\\src\\application\\use-cases\\pets\\listMyPets.ts","statementMap":{"0":{"start":{"line":4,"column":2},"end":{"line":7,"column":null}},"1":{"start":{"line":5,"column":17},"end":{"line":5,"column":null}},"2":{"start":{"line":6,"column":4},"end":{"line":6,"column":null}}},"fnMap":{"0":{"name":"listMyPets","decl":{"start":{"line":3,"column":16},"end":{"line":3,"column":27}},"loc":{"start":{"line":3,"column":63},"end":{"line":8,"column":null}},"line":3},"1":{"name":"(anonymous_1)","decl":{"start":{"line":4,"column":9},"end":{"line":4,"column":16}},"loc":{"start":{"line":4,"column":38},"end":{"line":7,"column":null}},"line":4}},"branchMap":{},"s":{"0":0,"1":0,"2":0},"f":{"0":0,"1":0},"b":{},"meta":{"lastBranch":0,"lastFunction":2,"lastStatement":3,"seen":{"f:3:16:3:27":0,"s:4:2:7:Infinity":0,"f:4:9:4:16":1,"s:5:17:5:Infinity":1,"s:6:4:6:Infinity":2}}}
,"C:\\Users\\lenil\\Documents\\GitHub\\ach-pet-api\\src\\application\\use-cases\\pets\\listPets.ts": {"path":"C:\\Users\\lenil\\Documents\\GitHub\\ach-pet-api\\src\\application\\use-cases\\pets\\listPets.ts","statementMap":{"0":{"start":{"line":4,"column":2},"end":{"line":32,"column":null}},"1":{"start":{"line":12,"column":17},"end":{"line":12,"column":null}},"2":{"start":{"line":13,"column":21},"end":{"line":13,"column":null}},"3":{"start":{"line":14,"column":18},"end":{"line":14,"column":null}},"4":{"start":{"line":16,"column":29},"end":{"line":23,"column":null}},"5":{"start":{"line":25,"column":4},"end":{"line":31,"column":null}}},"fnMap":{"0":{"name":"listPets","decl":{"start":{"line":3,"column":16},"end":{"line":3,"column":25}},"loc":{"start":{"line":3,"column":61},"end":{"line":33,"column":null}},"line":3},"1":{"name":"(anonymous_1)","decl":{"start":{"line":4,"column":9},"end":{"line":4,"column":16}},"loc":{"start":{"line":11,"column":8},"end":{"line":32,"column":null}},"line":11}},"branchMap":{"0":{"loc":{"start":{"line":12,"column":17},"end":{"line":12,"column":null}},"type":"binary-expr","locations":[{"start":{"line":12,"column":17},"end":{"line":12,"column":33}},{"start":{"line":12,"column":33},"end":{"line":12,"column":null}}],"line":12},"1":{"loc":{"start":{"line":13,"column":21},"end":{"line":13,"column":null}},"type":"binary-expr","locations":[{"start":{"line":13,"column":21},"end":{"line":13,"column":41}},{"start":{"line":13,"column":41},"end":{"line":13,"column":null}}],"line":13},"2":{"loc":{"start":{"line":14,"column":18},"end":{"line":14,"column":null}},"type":"binary-expr","locations":[{"start":{"line":14,"column":18},"end":{"line":14,"column":35}},{"start":{"line":14,"column":35},"end":{"line":14,"column":null}}],"line":14}},"s":{"0":1,"1":1,"2":1,"3":1,"4":1,"5":1},"f":{"0":1,"1":1},"b":{"0":[1,1],"1":[1,1],"2":[1,1]},"meta":{"lastBranch":3,"lastFunction":2,"lastStatement":6,"seen":{"f:3:16:3:25":0,"s:4:2:32:Infinity":0,"f:4:9:4:16":1,"s:12:17:12:Infinity":1,"b:12:17:12:33:12:33:12:Infinity":0,"s:13:21:13:Infinity":2,"b:13:21:13:41:13:41:13:Infinity":1,"s:14:18:14:Infinity":3,"b:14:18:14:35:14:35:14:Infinity":2,"s:16:29:23:Infinity":4,"s:25:4:31:Infinity":5}}}
,"C:\\Users\\lenil\\Documents\\GitHub\\ach-pet-api\\src\\application\\use-cases\\pets\\unfavoritePet.ts": {"path":"C:\\Users\\lenil\\Documents\\GitHub\\ach-pet-api\\src\\application\\use-cases\\pets\\unfavoritePet.ts","statementMap":{"0":{"start":{"line":4,"column":2},"end":{"line":7,"column":null}},"1":{"start":{"line":5,"column":4},"end":{"line":5,"column":null}},"2":{"start":{"line":6,"column":4},"end":{"line":6,"column":null}}},"fnMap":{"0":{"name":"unfavoritePet","decl":{"start":{"line":3,"column":16},"end":{"line":3,"column":30}},"loc":{"start":{"line":3,"column":66},"end":{"line":8,"column":null}},"line":3},"1":{"name":"(anonymous_1)","decl":{"start":{"line":4,"column":9},"end":{"line":4,"column":16}},"loc":{"start":{"line":4,"column":62},"end":{"line":7,"column":null}},"line":4}},"branchMap":{},"s":{"0":0,"1":0,"2":0},"f":{"0":0,"1":0},"b":{},"meta":{"lastBranch":0,"lastFunction":2,"lastStatement":3,"seen":{"f:3:16:3:30":0,"s:4:2:7:Infinity":0,"f:4:9:4:16":1,"s:5:4:5:Infinity":1,"s:6:4:6:Infinity":2}}}
,"C:\\Users\\lenil\\Documents\\GitHub\\ach-pet-api\\src\\application\\use-cases\\pets\\updatePet.ts": {"path":"C:\\Users\\lenil\\Documents\\GitHub\\ach-pet-api\\src\\application\\use-cases\\pets\\updatePet.ts","statementMap":{"0":{"start":{"line":5,"column":2},"end":{"line":20,"column":null}},"1":{"start":{"line":6,"column":27},"end":{"line":6,"column":null}},"2":{"start":{"line":7,"column":4},"end":{"line":7,"column":null}},"3":{"start":{"line":7,"column":25},"end":{"line":7,"column":null}},"4":{"start":{"line":8,"column":4},"end":{"line":8,"column":null}},"5":{"start":{"line":8,"column":45},"end":{"line":8,"column":null}},"6":{"start":{"line":10,"column":4},"end":{"line":16,"column":null}},"7":{"start":{"line":11,"column":18},"end":{"line":11,"column":null}},"8":{"start":{"line":12,"column":6},"end":{"line":12,"column":null}},"9":{"start":{"line":12,"column":16},"end":{"line":12,"column":null}},"10":{"start":{"line":13,"column":6},"end":{"line":15,"column":null}},"11":{"start":{"line":14,"column":8},"end":{"line":14,"column":null}},"12":{"start":{"line":18,"column":16},"end":{"line":18,"column":null}},"13":{"start":{"line":19,"column":4},"end":{"line":19,"column":null}}},"fnMap":{"0":{"name":"updatePet","decl":{"start":{"line":4,"column":16},"end":{"line":4,"column":26}},"loc":{"start":{"line":4,"column":62},"end":{"line":21,"column":null}},"line":4},"1":{"name":"(anonymous_1)","decl":{"start":{"line":5,"column":9},"end":{"line":5,"column":16}},"loc":{"start":{"line":5,"column":88},"end":{"line":20,"column":null}},"line":5}},"branchMap":{"0":{"loc":{"start":{"line":7,"column":4},"end":{"line":7,"column":null}},"type":"if","locations":[{"start":{"line":7,"column":4},"end":{"line":7,"column":null}},{"start":{},"end":{}}],"line":7},"1":{"loc":{"start":{"line":8,"column":4},"end":{"line":8,"column":null}},"type":"if","locations":[{"start":{"line":8,"column":4},"end":{"line":8,"column":null}},{"start":{},"end":{}}],"line":8},"2":{"loc":{"start":{"line":10,"column":4},"end":{"line":16,"column":null}},"type":"if","locations":[{"start":{"line":10,"column":4},"end":{"line":16,"column":null}},{"start":{},"end":{}}],"line":10},"3":{"loc":{"start":{"line":12,"column":6},"end":{"line":12,"column":null}},"type":"if","locations":[{"start":{"line":12,"column":6},"end":{"line":12,"column":null}},{"start":{},"end":{}}],"line":12},"4":{"loc":{"start":{"line":13,"column":6},"end":{"line":15,"column":null}},"type":"if","locations":[{"start":{"line":13,"column":6},"end":{"line":15,"column":null}},{"start":{},"end":{}}],"line":13}},"s":{"0":0,"1":0,"2":0,"3":0,"4":0,"5":0,"6":0,"7":0,"8":0,"9":0,"10":0,"11":0,"12":0,"13":0},"f":{"0":0,"1":0},"b":{"0":[0,0],"1":[0,0],"2":[0,0],"3":[0,0],"4":[0,0]},"meta":{"lastBranch":5,"lastFunction":2,"lastStatement":14,"seen":{"f:4:16:4:26":0,"s:5:2:20:Infinity":0,"f:5:9:5:16":1,"s:6:27:6:Infinity":1,"b:7:4:7:Infinity:undefined:undefined:undefined:undefined":0,"s:7:4:7:Infinity":2,"s:7:25:7:Infinity":3,"b:8:4:8:Infinity:undefined:undefined:undefined:undefined":1,"s:8:4:8:Infinity":4,"s:8:45:8:Infinity":5,"b:10:4:16:Infinity:undefined:undefined:undefined:undefined":2,"s:10:4:16:Infinity":6,"s:11:18:11:Infinity":7,"b:12:6:12:Infinity:undefined:undefined:undefined:undefined":3,"s:12:6:12:Infinity":8,"s:12:16:12:Infinity":9,"b:13:6:15:Infinity:undefined:undefined:undefined:undefined":4,"s:13:6:15:Infinity":10,"s:14:8:14:Infinity":11,"s:18:16:18:Infinity":12,"s:19:4:19:Infinity":13}}}
,"C:\\Users\\lenil\\Documents\\GitHub\\ach-pet-api\\src\\domain\\entities\\DocumentVO.ts": {"path":"C:\\Users\\lenil\\Documents\\GitHub\\ach-pet-api\\src\\domain\\entities\\DocumentVO.ts","statementMap":{"0":{"start":{"line":6,"column":31},"end":{"line":6,"column":46}},"1":{"start":{"line":7,"column":4},"end":{"line":9,"column":null}},"2":{"start":{"line":8,"column":6},"end":{"line":8,"column":null}},"3":{"start":{"line":17,"column":4},"end":{"line":17,"column":null}},"4":{"start":{"line":17,"column":39},"end":{"line":17,"column":null}},"5":{"start":{"line":19,"column":4},"end":{"line":19,"column":null}},"6":{"start":{"line":19,"column":34},"end":{"line":19,"column":null}},"7":{"start":{"line":20,"column":14},"end":{"line":20,"column":null}},"8":{"start":{"line":21,"column":4},"end":{"line":21,"column":null}},"9":{"start":{"line":21,"column":17},"end":{"line":21,"column":20}},"10":{"start":{"line":21,"column":32},"end":{"line":21,"column":null}},"11":{"start":{"line":22,"column":22},"end":{"line":22,"column":null}},"12":{"start":{"line":23,"column":4},"end":{"line":23,"column":null}},"13":{"start":{"line":23,"column":27},"end":{"line":23,"column":null}},"14":{"start":{"line":24,"column":4},"end":{"line":24,"column":null}},"15":{"start":{"line":24,"column":39},"end":{"line":24,"column":null}},"16":{"start":{"line":25,"column":4},"end":{"line":25,"column":null}},"17":{"start":{"line":26,"column":4},"end":{"line":26,"column":null}},"18":{"start":{"line":26,"column":17},"end":{"line":26,"column":20}},"19":{"start":{"line":26,"column":33},"end":{"line":26,"column":null}},"20":{"start":{"line":27,"column":23},"end":{"line":27,"column":null}},"21":{"start":{"line":28,"column":4},"end":{"line":28,"column":null}},"22":{"start":{"line":28,"column":28},"end":{"line":28,"column":null}},"23":{"start":{"line":29,"column":4},"end":{"line":29,"column":null}},"24":{"start":{"line":33,"column":4},"end":{"line":33,"column":null}},"25":{"start":{"line":41,"column":31},"end":{"line":41,"column":46}},"26":{"start":{"line":42,"column":4},"end":{"line":44,"column":null}},"27":{"start":{"line":43,"column":6},"end":{"line":43,"column":null}},"28":{"start":{"line":52,"column":4},"end":{"line":52,"column":null}},"29":{"start":{"line":52,"column":41},"end":{"line":52,"column":null}},"30":{"start":{"line":54,"column":4},"end":{"line":54,"column":null}},"31":{"start":{"line":54,"column":35},"end":{"line":54,"column":null}},"32":{"start":{"line":55,"column":17},"end":{"line":64,"column":null}},"33":{"start":{"line":56,"column":16},"end":{"line":56,"column":null}},"34":{"start":{"line":57,"column":16},"end":{"line":57,"column":null}},"35":{"start":{"line":58,"column":6},"end":{"line":61,"column":null}},"36":{"start":{"line":58,"column":19},"end":{"line":58,"column":22}},"37":{"start":{"line":59,"column":8},"end":{"line":59,"column":null}},"38":{"start":{"line":60,"column":8},"end":{"line":60,"column":null}},"39":{"start":{"line":60,"column":21},"end":{"line":60,"column":null}},"40":{"start":{"line":62,"column":18},"end":{"line":62,"column":null}},"41":{"start":{"line":63,"column":6},"end":{"line":63,"column":null}},"42":{"start":{"line":65,"column":23},"end":{"line":65,"column":null}},"43":{"start":{"line":66,"column":4},"end":{"line":66,"column":null}},"44":{"start":{"line":66,"column":41},"end":{"line":66,"column":null}},"45":{"start":{"line":67,"column":24},"end":{"line":67,"column":null}},"46":{"start":{"line":68,"column":4},"end":{"line":68,"column":null}},"47":{"start":{"line":72,"column":4},"end":{"line":72,"column":null}},"48":{"start":{"line":81,"column":20},"end":{"line":81,"column":null}},"49":{"start":{"line":82,"column":20},"end":{"line":82,"column":null}},"50":{"start":{"line":83,"column":20},"end":{"line":83,"column":null}},"51":{"start":{"line":84,"column":20},"end":{"line":84,"column":null}},"52":{"start":{"line":85,"column":20},"end":{"line":85,"column":null}},"53":{"start":{"line":89,"column":4},"end":{"line":89,"column":null}}},"fnMap":{"0":{"name":"(anonymous_0)","decl":{"start":{"line":6,"column":2},"end":{"line":6,"column":31}},"loc":{"start":{"line":6,"column":46},"end":{"line":10,"column":null}},"line":6},"1":{"name":"(anonymous_1)","decl":{"start":{"line":16,"column":9},"end":{"line":16,"column":17}},"loc":{"start":{"line":16,"column":39},"end":{"line":30,"column":null}},"line":16},"2":{"name":"(anonymous_2)","decl":{"start":{"line":32,"column":2},"end":{"line":32,"column":13}},"loc":{"start":{"line":32,"column":13},"end":{"line":34,"column":null}},"line":32},"3":{"name":"(anonymous_3)","decl":{"start":{"line":41,"column":2},"end":{"line":41,"column":31}},"loc":{"start":{"line":41,"column":46},"end":{"line":45,"column":null}},"line":41},"4":{"name":"(anonymous_4)","decl":{"start":{"line":51,"column":9},"end":{"line":51,"column":17}},"loc":{"start":{"line":51,"column":40},"end":{"line":69,"column":null}},"line":51},"5":{"name":"(anonymous_5)","decl":{"start":{"line":55,"column":17},"end":{"line":55,"column":18}},"loc":{"start":{"line":55,"column":34},"end":{"line":64,"column":null}},"line":55},"6":{"name":"(anonymous_6)","decl":{"start":{"line":71,"column":2},"end":{"line":71,"column":13}},"loc":{"start":{"line":71,"column":13},"end":{"line":73,"column":null}},"line":71},"7":{"name":"(anonymous_7)","decl":{"start":{"line":80,"column":2},"end":{"line":80,"column":null}},"loc":{"start":{"line":86,"column":4},"end":{"line":86,"column":null}},"line":86},"8":{"name":"(anonymous_8)","decl":{"start":{"line":88,"column":2},"end":{"line":88,"column":13}},"loc":{"start":{"line":88,"column":13},"end":{"line":90,"column":null}},"line":88}},"branchMap":{"0":{"loc":{"start":{"line":7,"column":4},"end":{"line":9,"column":null}},"type":"if","locations":[{"start":{"line":7,"column":4},"end":{"line":9,"column":null}},{"start":{},"end":{}}],"line":7},"1":{"loc":{"start":{"line":17,"column":4},"end":{"line":17,"column":null}},"type":"if","locations":[{"start":{"line":17,"column":4},"end":{"line":17,"column":null}},{"start":{},"end":{}}],"line":17},"2":{"loc":{"start":{"line":17,"column":8},"end":{"line":17,"column":39}},"type":"binary-expr","locations":[{"start":{"line":17,"column":8},"end":{"line":17,"column":16}},{"start":{"line":17,"column":16},"end":{"line":17,"column":39}}],"line":17},"3":{"loc":{"start":{"line":19,"column":4},"end":{"line":19,"column":null}},"type":"if","locations":[{"start":{"line":19,"column":4},"end":{"line":19,"column":null}},{"start":{},"end":{}}],"line":19},"4":{"loc":{"start":{"line":23,"column":4},"end":{"line":23,"column":null}},"type":"if","locations":[{"start":{"line":23,"column":4},"end":{"line":23,"column":null}},{"start":{},"end":{}}],"line":23},"5":{"loc":{"start":{"line":24,"column":4},"end":{"line":24,"column":null}},"type":"if","locations":[{"start":{"line":24,"column":4},"end":{"line":24,"column":null}},{"start":{},"end":{}}],"line":24},"6":{"loc":{"start":{"line":28,"column":4},"end":{"line":28,"column":null}},"type":"if","locations":[{"start":{"line":28,"column":4},"end":{"line":28,"column":null}},{"start":{},"end":{}}],"line":28},"7":{"loc":{"start":{"line":42,"column":4},"end":{"line":44,"column":null}},"type":"if","locations":[{"start":{"line":42,"column":4},"end":{"line":44,"column":null}},{"start":{},"end":{}}],"line":42},"8":{"loc":{"start":{"line":52,"column":4},"end":{"line":52,"column":null}},"type":"if","locations":[{"start":{"line":52,"column":4},"end":{"line":52,"column":null}},{"start":{},"end":{}}],"line":52},"9":{"loc":{"start":{"line":52,"column":8},"end":{"line":52,"column":41}},"type":"binary-expr","locations":[{"start":{"line":52,"column":8},"end":{"line":52,"column":17}},{"start":{"line":52,"column":17},"end":{"line":52,"column":41}}],"line":52},"10":{"loc":{"start":{"line":54,"column":4},"end":{"line":54,"column":null}},"type":"if","locations":[{"start":{"line":54,"column":4},"end":{"line":54,"column":null}},{"start":{},"end":{}}],"line":54},"11":{"loc":{"start":{"line":60,"column":8},"end":{"line":60,"column":null}},"type":"if","locations":[{"start":{"line":60,"column":8},"end":{"line":60,"column":null}},{"start":{},"end":{}}],"line":60},"12":{"loc":{"start":{"line":63,"column":13},"end":{"line":63,"column":null}},"type":"cond-expr","locations":[{"start":{"line":63,"column":25},"end":{"line":63,"column":29}},{"start":{"line":63,"column":29},"end":{"line":63,"column":null}}],"line":63},"13":{"loc":{"start":{"line":66,"column":4},"end":{"line":66,"column":null}},"type":"if","locations":[{"start":{"line":66,"column":4},"end":{"line":66,"column":null}},{"start":{},"end":{}}],"line":66}},"s":{"0":3,"1":3,"2":2,"3":3,"4":0,"5":3,"6":1,"7":2,"8":2,"9":2,"10":18,"11":2,"12":2,"13":1,"14":2,"15":0,"16":2,"17":2,"18":2,"19":20,"20":2,"21":2,"22":0,"23":2,"24":0,"25":3,"26":3,"27":2,"28":3,"29":0,"30":3,"31":1,"32":2,"33":3,"34":3,"35":3,"36":3,"37":37,"38":37,"39":6,"40":3,"41":3,"42":2,"43":2,"44":1,"45":1,"46":1,"47":0,"48":0,"49":0,"50":0,"51":0,"52":0,"53":0},"f":{"0":3,"1":1,"2":0,"3":3,"4":1,"5":3,"6":0,"7":0,"8":0},"b":{"0":[2,1],"1":[0,3],"2":[3,3],"3":[1,2],"4":[1,1],"5":[0,2],"6":[0,2],"7":[2,1],"8":[0,3],"9":[3,3],"10":[1,2],"11":[6,31],"12":[0,3],"13":[1,1]},"meta":{"lastBranch":14,"lastFunction":9,"lastStatement":54,"seen":{"f:6:2:6:31":0,"s:6:31:6:46":0,"b:7:4:9:Infinity:undefined:undefined:undefined:undefined":0,"s:7:4:9:Infinity":1,"s:8:6:8:Infinity":2,"f:16:9:16:17":1,"b:17:4:17:Infinity:undefined:undefined:undefined:undefined":1,"s:17:4:17:Infinity":3,"b:17:8:17:16:17:16:17:39":2,"s:17:39:17:Infinity":4,"b:19:4:19:Infinity:undefined:undefined:undefined:undefined":3,"s:19:4:19:Infinity":5,"s:19:34:19:Infinity":6,"s:20:14:20:Infinity":7,"s:21:4:21:Infinity":8,"s:21:17:21:20":9,"s:21:32:21:Infinity":10,"s:22:22:22:Infinity":11,"b:23:4:23:Infinity:undefined:undefined:undefined:undefined":4,"s:23:4:23:Infinity":12,"s:23:27:23:Infinity":13,"b:24:4:24:Infinity:undefined:undefined:undefined:undefined":5,"s:24:4:24:Infinity":14,"s:24:39:24:Infinity":15,"s:25:4:25:Infinity":16,"s:26:4:26:Infinity":17,"s:26:17:26:20":18,"s:26:33:26:Infinity":19,"s:27:23:27:Infinity":20,"b:28:4:28:Infinity:undefined:undefined:undefined:undefined":6,"s:28:4:28:Infinity":21,"s:28:28:28:Infinity":22,"s:29:4:29:Infinity":23,"f:32:2:32:13":2,"s:33:4:33:Infinity":24,"f:41:2:41:31":3,"s:41:31:41:46":25,"b:42:4:44:Infinity:undefined:undefined:undefined:undefined":7,"s:42:4:44:Infinity":26,"s:43:6:43:Infinity":27,"f:51:9:51:17":4,"b:52:4:52:Infinity:undefined:undefined:undefined:undefined":8,"s:52:4:52:Infinity":28,"b:52:8:52:17:52:17:52:41":9,"s:52:41:52:Infinity":29,"b:54:4:54:Infinity:undefined:undefined:undefined:undefined":10,"s:54:4:54:Infinity":30,"s:54:35:54:Infinity":31,"s:55:17:64:Infinity":32,"f:55:17:55:18":5,"s:56:16:56:Infinity":33,"s:57:16:57:Infinity":34,"s:58:6:61:Infinity":35,"s:58:19:58:22":36,"s:59:8:59:Infinity":37,"b:60:8:60:Infinity:undefined:undefined:undefined:undefined":11,"s:60:8:60:Infinity":38,"s:60:21:60:Infinity":39,"s:62:18:62:Infinity":40,"s:63:6:63:Infinity":41,"b:63:25:63:29:63:29:63:Infinity":12,"s:65:23:65:Infinity":42,"b:66:4:66:Infinity:undefined:undefined:undefined:undefined":13,"s:66:4:66:Infinity":43,"s:66:41:66:Infinity":44,"s:67:24:67:Infinity":45,"s:68:4:68:Infinity":46,"f:71:2:71:13":6,"s:72:4:72:Infinity":47,"f:80:2:80:Infinity":7,"s:81:20:81:Infinity":48,"s:82:20:82:Infinity":49,"s:83:20:83:Infinity":50,"s:84:20:84:Infinity":51,"s:85:20:85:Infinity":52,"f:88:2:88:13":8,"s:89:4:89:Infinity":53}}}
,"C:\\Users\\lenil\\Documents\\GitHub\\ach-pet-api\\src\\domain\\entities\\Email.ts": {"path":"C:\\Users\\lenil\\Documents\\GitHub\\ach-pet-api\\src\\domain\\entities\\Email.ts","statementMap":{"0":{"start":{"line":6,"column":31},"end":{"line":6,"column":46}},"1":{"start":{"line":7,"column":4},"end":{"line":9,"column":null}},"2":{"start":{"line":8,"column":6},"end":{"line":8,"column":null}},"3":{"start":{"line":16,"column":4},"end":{"line":16,"column":null}},"4":{"start":{"line":20,"column":4},"end":{"line":20,"column":null}}},"fnMap":{"0":{"name":"(anonymous_0)","decl":{"start":{"line":6,"column":2},"end":{"line":6,"column":31}},"loc":{"start":{"line":6,"column":46},"end":{"line":10,"column":null}},"line":6},"1":{"name":"(anonymous_1)","decl":{"start":{"line":15,"column":9},"end":{"line":15,"column":17}},"loc":{"start":{"line":15,"column":32},"end":{"line":17,"column":null}},"line":15},"2":{"name":"(anonymous_2)","decl":{"start":{"line":19,"column":2},"end":{"line":19,"column":13}},"loc":{"start":{"line":19,"column":13},"end":{"line":21,"column":null}},"line":19}},"branchMap":{"0":{"loc":{"start":{"line":7,"column":4},"end":{"line":9,"column":null}},"type":"if","locations":[{"start":{"line":7,"column":4},"end":{"line":9,"column":null}},{"start":{},"end":{}}],"line":7}},"s":{"0":10,"1":10,"2":1,"3":10,"4":1},"f":{"0":10,"1":4,"2":1},"b":{"0":[1,9]},"meta":{"lastBranch":1,"lastFunction":3,"lastStatement":5,"seen":{"f:6:2:6:31":0,"s:6:31:6:46":0,"b:7:4:9:Infinity:undefined:undefined:undefined:undefined":0,"s:7:4:9:Infinity":1,"s:8:6:8:Infinity":2,"f:15:9:15:17":1,"s:16:4:16:Infinity":3,"f:19:2:19:13":2,"s:20:4:20:Infinity":4}}}
,"C:\\Users\\lenil\\Documents\\GitHub\\ach-pet-api\\src\\domain\\entities\\Password.ts": {"path":"C:\\Users\\lenil\\Documents\\GitHub\\ach-pet-api\\src\\domain\\entities\\Password.ts","statementMap":{"0":{"start":{"line":6,"column":31},"end":{"line":6,"column":46}},"1":{"start":{"line":7,"column":4},"end":{"line":9,"column":null}},"2":{"start":{"line":8,"column":6},"end":{"line":8,"column":null}},"3":{"start":{"line":16,"column":4},"end":{"line":16,"column":null}},"4":{"start":{"line":20,"column":4},"end":{"line":20,"column":null}}},"fnMap":{"0":{"name":"(anonymous_0)","decl":{"start":{"line":6,"column":2},"end":{"line":6,"column":31}},"loc":{"start":{"line":6,"column":46},"end":{"line":10,"column":null}},"line":6},"1":{"name":"(anonymous_1)","decl":{"start":{"line":15,"column":9},"end":{"line":15,"column":17}},"loc":{"start":{"line":15,"column":35},"end":{"line":17,"column":null}},"line":15},"2":{"name":"(anonymous_2)","decl":{"start":{"line":19,"column":2},"end":{"line":19,"column":13}},"loc":{"start":{"line":19,"column":13},"end":{"line":21,"column":null}},"line":19}},"branchMap":{"0":{"loc":{"start":{"line":7,"column":4},"end":{"line":9,"column":null}},"type":"if","locations":[{"start":{"line":7,"column":4},"end":{"line":9,"column":null}},{"start":{},"end":{}}],"line":7},"1":{"loc":{"start":{"line":16,"column":11},"end":{"line":16,"column":null}},"type":"binary-expr","locations":[{"start":{"line":16,"column":11},"end":{"line":16,"column":43}},{"start":{"line":16,"column":43},"end":{"line":16,"column":null}}],"line":16}},"s":{"0":7,"1":7,"2":1,"3":7,"4":0},"f":{"0":7,"1":4,"2":0},"b":{"0":[1,6],"1":[7,7]},"meta":{"lastBranch":2,"lastFunction":3,"lastStatement":5,"seen":{"f:6:2:6:31":0,"s:6:31:6:46":0,"b:7:4:9:Infinity:undefined:undefined:undefined:undefined":0,"s:7:4:9:Infinity":1,"s:8:6:8:Infinity":2,"f:15:9:15:17":1,"s:16:4:16:Infinity":3,"b:16:11:16:43:16:43:16:Infinity":1,"f:19:2:19:13":2,"s:20:4:20:Infinity":4}}}
,"C:\\Users\\lenil\\Documents\\GitHub\\ach-pet-api\\src\\domain\\entities\\Pet.ts": {"path":"C:\\Users\\lenil\\Documents\\GitHub\\ach-pet-api\\src\\domain\\entities\\Pet.ts","statementMap":{"0":{"start":{"line":8,"column":20},"end":{"line":8,"column":null}},"1":{"start":{"line":9,"column":11},"end":{"line":9,"column":null}},"2":{"start":{"line":10,"column":11},"end":{"line":10,"column":null}},"3":{"start":{"line":11,"column":11},"end":{"line":11,"column":null}},"4":{"start":{"line":12,"column":11},"end":{"line":12,"column":null}},"5":{"start":{"line":13,"column":11},"end":{"line":13,"column":null}},"6":{"start":{"line":14,"column":11},"end":{"line":14,"column":null}},"7":{"start":{"line":15,"column":11},"end":{"line":15,"column":null}},"8":{"start":{"line":16,"column":11},"end":{"line":16,"column":null}},"9":{"start":{"line":17,"column":11},"end":{"line":17,"column":null}},"10":{"start":{"line":18,"column":11},"end":{"line":18,"column":51}},"11":{"start":{"line":19,"column":11},"end":{"line":19,"column":null}},"12":{"start":{"line":26,"column":4},"end":{"line":26,"column":null}},"13":{"start":{"line":34,"column":4},"end":{"line":36,"column":null}},"14":{"start":{"line":35,"column":6},"end":{"line":35,"column":null}},"15":{"start":{"line":37,"column":4},"end":{"line":37,"column":null}},"16":{"start":{"line":44,"column":4},"end":{"line":44,"column":null}},"17":{"start":{"line":51,"column":4},"end":{"line":51,"column":null}}},"fnMap":{"0":{"name":"(anonymous_0)","decl":{"start":{"line":7,"column":2},"end":{"line":7,"column":null}},"loc":{"start":{"line":20,"column":4},"end":{"line":20,"column":null}},"line":20},"1":{"name":"(anonymous_1)","decl":{"start":{"line":25,"column":2},"end":{"line":25,"column":16}},"loc":{"start":{"line":25,"column":16},"end":{"line":27,"column":null}},"line":25},"2":{"name":"(anonymous_2)","decl":{"start":{"line":33,"column":2},"end":{"line":33,"column":10}},"loc":{"start":{"line":33,"column":10},"end":{"line":38,"column":null}},"line":33},"3":{"name":"(anonymous_3)","decl":{"start":{"line":43,"column":2},"end":{"line":43,"column":10}},"loc":{"start":{"line":43,"column":10},"end":{"line":45,"column":null}},"line":43},"4":{"name":"(anonymous_4)","decl":{"start":{"line":50,"column":2},"end":{"line":50,"column":20}},"loc":{"start":{"line":50,"column":34},"end":{"line":52,"column":null}},"line":50}},"branchMap":{"0":{"loc":{"start":{"line":18,"column":11},"end":{"line":18,"column":null}},"type":"default-arg","locations":[{"start":{"line":18,"column":51},"end":{"line":18,"column":null}}],"line":18},"1":{"loc":{"start":{"line":34,"column":4},"end":{"line":36,"column":null}},"type":"if","locations":[{"start":{"line":34,"column":4},"end":{"line":36,"column":null}},{"start":{},"end":{}}],"line":34}},"s":{"0":3,"1":3,"2":3,"3":3,"4":3,"5":3,"6":3,"7":3,"8":3,"9":3,"10":3,"11":3,"12":2,"13":2,"14":1,"15":1,"16":1,"17":0},"f":{"0":3,"1":2,"2":2,"3":1,"4":0},"b":{"0":[3],"1":[1,1]},"meta":{"lastBranch":2,"lastFunction":5,"lastStatement":18,"seen":{"f:7:2:7:Infinity":0,"b:18:51:18:Infinity":0,"s:8:20:8:Infinity":0,"s:9:11:9:Infinity":1,"s:10:11:10:Infinity":2,"s:11:11:11:Infinity":3,"s:12:11:12:Infinity":4,"s:13:11:13:Infinity":5,"s:14:11:14:Infinity":6,"s:15:11:15:Infinity":7,"s:16:11:16:Infinity":8,"s:17:11:17:Infinity":9,"s:18:11:18:51":10,"s:19:11:19:Infinity":11,"f:25:2:25:16":1,"s:26:4:26:Infinity":12,"f:33:2:33:10":2,"b:34:4:36:Infinity:undefined:undefined:undefined:undefined":1,"s:34:4:36:Infinity":13,"s:35:6:35:Infinity":14,"s:37:4:37:Infinity":15,"f:43:2:43:10":3,"s:44:4:44:Infinity":16,"f:50:2:50:20":4,"s:51:4:51:Infinity":17}}}
,"C:\\Users\\lenil\\Documents\\GitHub\\ach-pet-api\\src\\domain\\entities\\Phone.ts": {"path":"C:\\Users\\lenil\\Documents\\GitHub\\ach-pet-api\\src\\domain\\entities\\Phone.ts","statementMap":{"0":{"start":{"line":6,"column":31},"end":{"line":6,"column":46}},"1":{"start":{"line":7,"column":4},"end":{"line":9,"column":null}},"2":{"start":{"line":8,"column":6},"end":{"line":8,"column":null}},"3":{"start":{"line":16,"column":4},"end":{"line":16,"column":null}},"4":{"start":{"line":20,"column":4},"end":{"line":20,"column":null}}},"fnMap":{"0":{"name":"(anonymous_0)","decl":{"start":{"line":6,"column":2},"end":{"line":6,"column":31}},"loc":{"start":{"line":6,"column":46},"end":{"line":10,"column":null}},"line":6},"1":{"name":"(anonymous_1)","decl":{"start":{"line":15,"column":9},"end":{"line":15,"column":17}},"loc":{"start":{"line":15,"column":32},"end":{"line":17,"column":null}},"line":15},"2":{"name":"(anonymous_2)","decl":{"start":{"line":19,"column":2},"end":{"line":19,"column":13}},"loc":{"start":{"line":19,"column":13},"end":{"line":21,"column":null}},"line":19}},"branchMap":{"0":{"loc":{"start":{"line":7,"column":4},"end":{"line":9,"column":null}},"type":"if","locations":[{"start":{"line":7,"column":4},"end":{"line":9,"column":null}},{"start":{},"end":{}}],"line":7}},"s":{"0":6,"1":6,"2":1,"3":6,"4":1},"f":{"0":6,"1":4,"2":1},"b":{"0":[1,5]},"meta":{"lastBranch":1,"lastFunction":3,"lastStatement":5,"seen":{"f:6:2:6:31":0,"s:6:31:6:46":0,"b:7:4:9:Infinity:undefined:undefined:undefined:undefined":0,"s:7:4:9:Infinity":1,"s:8:6:8:Infinity":2,"f:15:9:15:17":1,"s:16:4:16:Infinity":3,"f:19:2:19:13":2,"s:20:4:20:Infinity":4}}}
,"C:\\Users\\lenil\\Documents\\GitHub\\ach-pet-api\\src\\domain\\entities\\User.ts": {"path":"C:\\Users\\lenil\\Documents\\GitHub\\ach-pet-api\\src\\domain\\entities\\User.ts","statementMap":{"0":{"start":{"line":9,"column":20},"end":{"line":9,"column":null}},"1":{"start":{"line":10,"column":11},"end":{"line":10,"column":null}},"2":{"start":{"line":11,"column":11},"end":{"line":11,"column":null}},"3":{"start":{"line":12,"column":11},"end":{"line":12,"column":null}},"4":{"start":{"line":13,"column":11},"end":{"line":13,"column":null}},"5":{"start":{"line":14,"column":11},"end":{"line":14,"column":null}},"6":{"start":{"line":15,"column":11},"end":{"line":15,"column":null}},"7":{"start":{"line":16,"column":11},"end":{"line":16,"column":null}},"8":{"start":{"line":23,"column":4},"end":{"line":23,"column":null}},"9":{"start":{"line":30,"column":4},"end":{"line":30,"column":null}},"10":{"start":{"line":37,"column":4},"end":{"line":37,"column":null}},"11":{"start":{"line":44,"column":4},"end":{"line":44,"column":null}},"12":{"start":{"line":51,"column":4},"end":{"line":51,"column":null}}},"fnMap":{"0":{"name":"(anonymous_0)","decl":{"start":{"line":8,"column":2},"end":{"line":8,"column":null}},"loc":{"start":{"line":17,"column":4},"end":{"line":17,"column":null}},"line":17},"1":{"name":"(anonymous_1)","decl":{"start":{"line":22,"column":2},"end":{"line":22,"column":14}},"loc":{"start":{"line":22,"column":14},"end":{"line":24,"column":null}},"line":22},"2":{"name":"(anonymous_2)","decl":{"start":{"line":29,"column":2},"end":{"line":29,"column":14}},"loc":{"start":{"line":29,"column":14},"end":{"line":31,"column":null}},"line":29},"3":{"name":"(anonymous_3)","decl":{"start":{"line":36,"column":2},"end":{"line":36,"column":13}},"loc":{"start":{"line":36,"column":30},"end":{"line":38,"column":null}},"line":36},"4":{"name":"(anonymous_4)","decl":{"start":{"line":43,"column":2},"end":{"line":43,"column":21}},"loc":{"start":{"line":43,"column":21},"end":{"line":45,"column":null}},"line":43},"5":{"name":"(anonymous_5)","decl":{"start":{"line":50,"column":2},"end":{"line":50,"column":33}},"loc":{"start":{"line":50,"column":33},"end":{"line":52,"column":null}},"line":50}},"branchMap":{},"s":{"0":3,"1":3,"2":3,"3":3,"4":3,"5":3,"6":3,"7":3,"8":2,"9":2,"10":1,"11":1,"12":1},"f":{"0":3,"1":2,"2":2,"3":1,"4":1,"5":1},"b":{},"meta":{"lastBranch":0,"lastFunction":6,"lastStatement":13,"seen":{"f:8:2:8:Infinity":0,"s:9:20:9:Infinity":0,"s:10:11:10:Infinity":1,"s:11:11:11:Infinity":2,"s:12:11:12:Infinity":3,"s:13:11:13:Infinity":4,"s:14:11:14:Infinity":5,"s:15:11:15:Infinity":6,"s:16:11:16:Infinity":7,"f:22:2:22:14":1,"s:23:4:23:Infinity":8,"f:29:2:29:14":2,"s:30:4:30:Infinity":9,"f:36:2:36:13":3,"s:37:4:37:Infinity":10,"f:43:2:43:21":4,"s:44:4:44:Infinity":11,"f:50:2:50:33":5,"s:51:4:51:Infinity":12}}}
,"C:\\Users\\lenil\\Documents\\GitHub\\ach-pet-api\\src\\domain\\errors\\AppError.ts": {"path":"C:\\Users\\lenil\\Documents\\GitHub\\ach-pet-api\\src\\domain\\errors\\AppError.ts","statementMap":{"0":{"start":{"line":10,"column":71},"end":{"line":24,"column":null}},"1":{"start":{"line":39,"column":4},"end":{"line":39,"column":null}},"2":{"start":{"line":34,"column":20},"end":{"line":34,"column":null}},"3":{"start":{"line":36,"column":20},"end":{"line":36,"column":null}},"4":{"start":{"line":40,"column":4},"end":{"line":40,"column":null}},"5":{"start":{"line":51,"column":4},"end":{"line":53,"column":null}},"6":{"start":{"line":52,"column":6},"end":{"line":52,"column":null}},"7":{"start":{"line":55,"column":4},"end":{"line":55,"column":null}}},"fnMap":{"0":{"name":"(anonymous_0)","decl":{"start":{"line":33,"column":2},"end":{"line":33,"column":null}},"loc":{"start":{"line":38,"column":4},"end":{"line":41,"column":null}},"line":38},"1":{"name":"(anonymous_1)","decl":{"start":{"line":46,"column":17},"end":{"line":46,"column":null}},"loc":{"start":{"line":50,"column":12},"end":{"line":56,"column":null}},"line":50}},"branchMap":{"0":{"loc":{"start":{"line":37,"column":4},"end":{"line":37,"column":null}},"type":"default-arg","locations":[{"start":{"line":37,"column":26},"end":{"line":37,"column":null}}],"line":37},"1":{"loc":{"start":{"line":49,"column":4},"end":{"line":49,"column":null}},"type":"default-arg","locations":[{"start":{"line":49,"column":26},"end":{"line":49,"column":null}}],"line":49},"2":{"loc":{"start":{"line":51,"column":4},"end":{"line":53,"column":null}},"type":"if","locations":[{"start":{"line":51,"column":4},"end":{"line":53,"column":null}},{"start":{},"end":{}}],"line":51},"3":{"loc":{"start":{"line":51,"column":8},"end":{"line":51,"column":56}},"type":"binary-expr","locations":[{"start":{"line":51,"column":8},"end":{"line":51,"column":16}},{"start":{"line":51,"column":16},"end":{"line":51,"column":34}},{"start":{"line":51,"column":34},"end":{"line":51,"column":56}}],"line":51}},"s":{"0":8,"1":17,"2":17,"3":17,"4":17,"5":17,"6":0,"7":17},"f":{"0":17,"1":17},"b":{"0":[17],"1":[17],"2":[0,17],"3":[17,8,0]},"meta":{"lastBranch":4,"lastFunction":2,"lastStatement":8,"seen":{"s:10:71:24:Infinity":0,"f:33:2:33:Infinity":0,"b:37:26:37:Infinity":0,"s:39:4:39:Infinity":1,"s:34:20:34:Infinity":2,"s:36:20:36:Infinity":3,"s:40:4:40:Infinity":4,"f:46:17:46:Infinity":1,"b:49:26:49:Infinity":1,"b:51:4:53:Infinity:undefined:undefined:undefined:undefined":2,"s:51:4:53:Infinity":5,"b:51:8:51:16:51:16:51:34:51:34:51:56":3,"s:52:6:52:Infinity":6,"s:55:4:55:Infinity":7}}}
,"C:\\Users\\lenil\\Documents\\GitHub\\ach-pet-api\\src\\infra\\config\\env.ts": {"path":"C:\\Users\\lenil\\Documents\\GitHub\\ach-pet-api\\src\\infra\\config\\env.ts","statementMap":{"0":{"start":{"line":9,"column":18},"end":{"line":16,"column":null}},"1":{"start":{"line":18,"column":19},"end":{"line":18,"column":null}}},"fnMap":{},"branchMap":{},"s":{"0":5,"1":5},"f":{},"b":{},"meta":{"lastBranch":0,"lastFunction":0,"lastStatement":2,"seen":{"s:9:18:16:Infinity":0,"s:18:19:18:Infinity":1}}}
,"C:\\Users\\lenil\\Documents\\GitHub\\ach-pet-api\\src\\infra\\db\\prisma.ts": {"path":"C:\\Users\\lenil\\Documents\\GitHub\\ach-pet-api\\src\\infra\\db\\prisma.ts","statementMap":{"0":{"start":{"line":4,"column":22},"end":{"line":6,"column":null}},"1":{"start":{"line":8,"column":0},"end":{"line":10,"column":null}},"2":{"start":{"line":9,"column":1},"end":{"line":9,"column":null}}},"fnMap":{"0":{"name":"(anonymous_0)","decl":{"start":{"line":8,"column":20},"end":{"line":8,"column":21}},"loc":{"start":{"line":8,"column":27},"end":{"line":10,"column":1}},"line":8}},"branchMap":{},"s":{"0":5,"1":5,"2":0},"f":{"0":0},"b":{},"meta":{"lastBranch":0,"lastFunction":1,"lastStatement":3,"seen":{"s:4:22:6:Infinity":0,"s:8:0:10:Infinity":1,"f:8:20:8:21":0,"s:9:1:9:Infinity":2}}}
[...]
olumn":null}},"12":{"start":{"line":64,"column":12},"end":{"line":64,"column":null}},"13":{"start":{"line":65,"column":21},"end":{"line":65,"column":null}},"14":{"start":{"line":66,"column":6},"end":{"line":66,"column":null}},"15":{"start":{"line":70,"column":23},"end":{"line":72,"column":null}},"16":{"start":{"line":74,"column":2},"end":{"line":88,"column":null}},"17":{"start":{"line":79,"column":19},"end":{"line":79,"column":null}},"18":{"start":{"line":80,"column":12},"end":{"line":80,"column":null}},"19":{"start":{"line":81,"column":21},"end":{"line":85,"column":null}},"20":{"start":{"line":86,"column":6},"end":{"line":86,"column":null}},"21":{"start":{"line":90,"column":2},"end":{"line":99,"column":null}},"22":{"start":{"line":95,"column":12},"end":{"line":95,"column":null}},"23":{"start":{"line":96,"column":21},"end":{"line":96,"column":null}},"24":{"start":{"line":97,"column":6},"end":{"line":97,"column":null}},"25":{"start":{"line":101,"column":2},"end":{"line":110,"column":null}},"26":{"start":{"line":106,"column":12},"end":{"line":106,"column":null}},"27":{"start":{"line":107,"column":21},"end":{"line":107,"column":null}},"28":{"start":{"line":108,"column":6},"end":{"line":108,"column":null}},"29":{"start":{"line":112,"column":2},"end":{"line":112,"column":null}}},"fnMap":{"0":{"name":"createAdoptionsRouter","decl":{"start":{"line":22,"column":16},"end":{"line":22,"column":38}},"loc":{"start":{"line":28,"column":3},"end":{"line":113,"column":null}},"line":28},"1":{"name":"(anonymous_1)","decl":{"start":{"line":40,"column":17},"end":{"line":40,"column":24}},"loc":{"start":{"line":40,"column":59},"end":{"line":45,"column":5}},"line":40},"2":{"name":"(anonymous_2)","decl":{"start":{"line":52,"column":17},"end":{"line":52,"column":24}},"loc":{"start":{"line":52,"column":59},"end":{"line":56,"column":5}},"line":52},"3":{"name":"(anonymous_3)","decl":{"start":{"line":63,"column":17},"end":{"line":63,"column":24}},"loc":{"start":{"line":63,"column":59},"end":{"line":67,"column":5}},"line":63},"4":{"name":"(anonymous_4)","decl":{"start":{"line":78,"column":17},"end":{"line":78,"column":24}},"loc":{"start":{"line":78,"column":59},"end":{"line":87,"column":5}},"line":78},"5":{"name":"(anonymous_5)","decl":{"start":{"line":94,"column":17},"end":{"line":94,"column":24}},"loc":{"start":{"line":94,"column":59},"end":{"line":98,"column":5}},"line":94},"6":{"name":"(anonymous_6)","decl":{"start":{"line":105,"column":17},"end":{"line":105,"column":24}},"loc":{"start":{"line":105,"column":59},"end":{"line":109,"column":5}},"line":105}},"branchMap":{"0":{"loc":{"start":{"line":84,"column":22},"end":{"line":84,"column":null}},"type":"binary-expr","locations":[{"start":{"line":84,"column":22},"end":{"line":84,"column":43}},{"start":{"line":84,"column":43},"end":{"line":84,"column":null}}],"line":84}},"s":{"0":5,"1":5,"2":5,"3":0,"4":0,"5":0,"6":0,"7":5,"8":0,"9":0,"10":0,"11":5,"12":0,"13":0,"14":0,"15":5,"16":5,"17":0,"18":0,"19":0,"20":0,"21":5,"22":0,"23":0,"24":0,"25":5,"26":0,"27":0,"28":0,"29":5},"f":{"0":5,"1":0,"2":0,"3":0,"4":0,"5":0,"6":0},"b":{"0":[0,0]},"meta":{"lastBranch":1,"lastFunction":7,"lastStatement":30,"seen":{"f:22:16:22:38":0,"s:29:8:29:Infinity":0,"s:31:30:34:Infinity":1,"s:36:2:46:Infinity":2,"f:40:17:40:24":1,"s:41:19:41:Infinity":3,"s:42:12:42:Infinity":4,"s:43:21:43:Infinity":5,"s:44:6:44:Infinity":6,"s:48:2:57:Infinity":7,"f:52:17:52:24":2,"s:53:12:53:Infinity":8,"s:54:21:54:Infinity":9,"s:55:6:55:Infinity":10,"s:59:2:68:Infinity":11,"f:63:17:63:24":3,"s:64:12:64:Infinity":12,"s:65:21:65:Infinity":13,"s:66:6:66:Infinity":14,"s:70:23:72:Infinity":15,"s:74:2:88:Infinity":16,"f:78:17:78:24":4,"s:79:19:79:Infinity":17,"s:80:12:80:Infinity":18,"s:81:21:85:Infinity":19,"b:84:22:84:43:84:43:84:Infinity":0,"s:86:6:86:Infinity":20,"s:90:2:99:Infinity":21,"f:94:17:94:24":5,"s:95:12:95:Infinity":22,"s:96:21:96:Infinity":23,"s:97:6:97:Infinity":24,"s:101:2:110:Infinity":25,"f:105:17:105:24":6,"s:106:12:106:Infinity":26,"s:107:21:107:Infinity":27,"s:108:6:108:Infinity":28,"s:112:2:112:Infinity":29}}}
,"C:\\Users\\lenil\\Documents\\GitHub\\ach-pet-api\\src\\presentation\\http\\routers\\auth-router.ts": {"path":"C:\\Users\\lenil\\Documents\\GitHub\\ach-pet-api\\src\\presentation\\http\\routers\\auth-router.ts","statementMap":{"0":{"start":{"line":21,"column":8},"end":{"line":21,"column":null}},"1":{"start":{"line":23,"column":25},"end":{"line":30,"column":null}},"2":{"start":{"line":32,"column":2},"end":{"line":40,"column":null}},"3":{"start":{"line":35,"column":17},"end":{"line":35,"column":null}},"4":{"start":{"line":36,"column":27},"end":{"line":36,"column":null}},"5":{"start":{"line":37,"column":19},"end":{"line":37,"column":null}},"6":{"start":{"line":38,"column":4},"end":{"line":38,"column":null}},"7":{"start":{"line":42,"column":22},"end":{"line":45,"column":null}},"8":{"start":{"line":47,"column":2},"end":{"line":55,"column":null}},"9":{"start":{"line":50,"column":19},"end":{"line":50,"column":null}},"10":{"start":{"line":51,"column":29},"end":{"line":51,"column":null}},"11":{"start":{"line":52,"column":21},"end":{"line":52,"column":null}},"12":{"start":{"line":53,"column":6},"end":{"line":53,"column":null}},"13":{"start":{"line":57,"column":2},"end":{"line":57,"column":null}}},"fnMap":{"0":{"name":"createAuthRouter","decl":{"start":{"line":16,"column":16},"end":{"line":16,"column":33}},"loc":{"start":{"line":20,"column":3},"end":{"line":58,"column":null}},"line":20},"1":{"name":"(anonymous_1)","decl":{"start":{"line":34,"column":17},"end":{"line":34,"column":24}},"loc":{"start":{"line":34,"column":37},"end":{"line":39,"column":5}},"line":34},"2":{"name":"(anonymous_2)","decl":{"start":{"line":49,"column":17},"end":{"line":49,"column":24}},"loc":{"start":{"line":49,"column":37},"end":{"line":54,"column":5}},"line":49}},"branchMap":{},"s":{"0":5,"1":5,"2":5,"3":3,"4":3,"5":3,"6":3,"7":5,"8":5,"9":4,"10":4,"11":4,"12":2,"13":5},"f":{"0":5,"1":3,"2":4},"b":{},"meta":{"lastBranch":0,"lastFunction":3,"lastStatement":14,"seen":{"f:16:16:16:33":0,"s:21:8:21:Infinity":0,"s:23:25:30:Infinity":1,"s:32:2:40:Infinity":2,"f:34:17:34:24":1,"s:35:17:35:Infinity":3,"s:36:27:36:Infinity":4,"s:37:19:37:Infinity":5,"s:38:4:38:Infinity":6,"s:42:22:45:Infinity":7,"s:47:2:55:Infinity":8,"f:49:17:49:24":2,"s:50:19:50:Infinity":9,"s:51:29:51:Infinity":10,"s:52:21:52:Infinity":11,"s:53:6:53:Infinity":12,"s:57:2:57:Infinity":13}}}
,"C:\\Users\\lenil\\Documents\\GitHub\\ach-pet-api\\src\\presentation\\http\\routers\\chat-router.ts": {"path":"C:\\Users\\lenil\\Documents\\GitHub\\ach-pet-api\\src\\presentation\\http\\routers\\chat-router.ts","statementMap":{"0":{"start":{"line":21,"column":8},"end":{"line":21,"column":null}},"1":{"start":{"line":23,"column":2},"end":{"line":31,"column":null}},"2":{"start":{"line":27,"column":12},"end":{"line":27,"column":null}},"3":{"start":{"line":28,"column":21},"end":{"line":28,"column":null}},"4":{"start":{"line":29,"column":6},"end":{"line":29,"column":null}},"5":{"start":{"line":33,"column":21},"end":{"line":33,"column":null}},"6":{"start":{"line":35,"column":2},"end":{"line":44,"column":null}},"7":{"start":{"line":39,"column":19},"end":{"line":39,"column":null}},"8":{"start":{"line":40,"column":12},"end":{"line":40,"column":null}},"9":{"start":{"line":41,"column":21},"end":{"line":41,"column":null}},"10":{"start":{"line":42,"column":6},"end":{"line":42,"column":null}},"11":{"start":{"line":46,"column":2},"end":{"line":46,"column":null}}},"fnMap":{"0":{"name":"createChatRouter","decl":{"start":{"line":17,"column":16},"end":{"line":17,"column":33}},"loc":{"start":{"line":20,"column":3},"end":{"line":47,"column":null}},"line":20},"1":{"name":"(anonymous_1)","decl":{"start":{"line":26,"column":17},"end":{"line":26,"column":24}},"loc":{"start":{"line":26,"column":59},"end":{"line":30,"column":5}},"line":26},"2":{"name":"(anonymous_2)","decl":{"start":{"line":38,"column":17},"end":{"line":38,"column":24}},"loc":{"start":{"line":38,"column":59},"end":{"line":43,"column":5}},"line":38}},"branchMap":{},"s":{"0":5,"1":5,"2":0,"3":0,"4":0,"5":5,"6":5,"7":0,"8":0,"9":0,"10":0,"11":5},"f":{"0":5,"1":0,"2":0},"b":{},"meta":{"lastBranch":0,"lastFunction":3,"lastStatement":12,"seen":{"f:17:16:17:33":0,"s:21:8:21:Infinity":0,"s:23:2:31:Infinity":1,"f:26:17:26:24":1,"s:27:12:27:Infinity":2,"s:28:21:28:Infinity":3,"s:29:6:29:Infinity":4,"s:33:21:33:Infinity":5,"s:35:2:44:Infinity":6,"f:38:17:38:24":2,"s:39:19:39:Infinity":7,"s:40:12:40:Infinity":8,"s:41:21:41:Infinity":9,"s:42:6:42:Infinity":10,"s:46:2:46:Infinity":11}}}
,"C:\\Users\\lenil\\Documents\\GitHub\\ach-pet-api\\src\\presentation\\http\\routers\\followup-router.ts": {"path":"C:\\Users\\lenil\\Documents\\GitHub\\ach-pet-api\\src\\presentation\\http\\routers\\followup-router.ts","statementMap":{"0":{"start":{"line":17,"column":2},"end":{"line":17,"column":null}},"1":{"start":{"line":17,"column":37},"end":{"line":17,"column":null}},"2":{"start":{"line":18,"column":2},"end":{"line":23,"column":null}},"3":{"start":{"line":19,"column":4},"end":{"line":19,"column":null}},"4":{"start":{"line":20,"column":4},"end":{"line":20,"column":null}},"5":{"start":{"line":22,"column":4},"end":{"line":22,"column":null}},"6":{"start":{"line":35,"column":8},"end":{"line":35,"column":null}},"7":{"start":{"line":37,"column":2},"end":{"line":45,"column":null}},"8":{"start":{"line":41,"column":12},"end":{"line":41,"column":null}},"9":{"start":{"line":42,"column":21},"end":{"line":42,"column":null}},"10":{"start":{"line":43,"column":6},"end":{"line":43,"column":null}},"11":{"start":{"line":47,"column":23},"end":{"line":55,"column":null}},"12":{"start":{"line":52,"column":26},"end":{"line":52,"column":70}},"13":{"start":{"line":57,"column":2},"end":{"line":73,"column":null}},"14":{"start":{"line":61,"column":19},"end":{"line":61,"column":null}},"15":{"start":{"line":63,"column":12},"end":{"line":63,"column":null}},"16":{"start":{"line":64,"column":21},"end":{"line":69,"column":null}},"17":{"start":{"line":71,"column":6},"end":{"line":71,"column":null}},"18":{"start":{"line":75,"column":2},"end":{"line":75,"column":null}}},"fnMap":{"0":{"name":"isValidUrlOrUploads","decl":{"start":{"line":16,"column":9},"end":{"line":16,"column":29}},"loc":{"start":{"line":16,"column":44},"end":{"line":24,"column":null}},"line":16},"1":{"name":"createFollowupRouter","decl":{"start":{"line":31,"column":16},"end":{"line":31,"column":37}},"loc":{"start":{"line":34,"column":3},"end":{"line":76,"column":null}},"line":34},"2":{"name":"(anonymous_2)","decl":{"start":{"line":40,"column":17},"end":{"line":40,"column":24}},"loc":{"start":{"line":40,"column":59},"end":{"line":44,"column":5}},"line":40},"3":{"name":"(anonymous_3)","decl":{"start":{"line":52,"column":14},"end":{"line":52,"column":15}},"loc":{"start":{"line":52,"column":26},"end":{"line":52,"column":70}},"line":52},"4":{"name":"(anonymous_4)","decl":{"start":{"line":60,"column":17},"end":{"line":60,"column":24}},"loc":{"start":{"line":60,"column":59},"end":{"line":72,"column":5}},"line":60}},"branchMap":{"0":{"loc":{"start":{"line":17,"column":2},"end":{"line":17,"column":null}},"type":"if","locations":[{"start":{"line":17,"column":2},"end":{"line":17,"column":null}},{"start":{},"end":{}}],"line":17},"1":{"loc":{"start":{"line":52,"column":26},"end":{"line":52,"column":70}},"type":"cond-expr","locations":[{"start":{"line":52,"column":34},"end":{"line":52,"column":63}},{"start":{"line":52,"column":63},"end":{"line":52,"column":70}}],"line":52}},"s":{"0":0,"1":0,"2":0,"3":0,"4":0,"5":0,"6":5,"7":5,"8":0,"9":0,"10":0,"11":5,"12":0,"13":5,"14":0,"15":0,"16":0,"17":0,"18":5},"f":{"0":0,"1":5,"2":0,"3":0,"4":0},"b":{"0":[0,0],"1":[0,0]},"meta":{"lastBranch":2,"lastFunction":5,"lastStatement":19,"seen":{"f:16:9:16:29":0,"b:17:2:17:Infinity:undefined:undefined:undefined:undefined":0,"s:17:2:17:Infinity":0,"s:17:37:17:Infinity":1,"s:18:2:23:Infinity":2,"s:19:4:19:Infinity":3,"s:20:4:20:Infinity":4,"s:22:4:22:Infinity":5,"f:31:16:31:37":1,"s:35:8:35:Infinity":6,"s:37:2:45:Infinity":7,"f:40:17:40:24":2,"s:41:12:41:Infinity":8,"s:42:21:42:Infinity":9,"s:43:6:43:Infinity":10,"s:47:23:55:Infinity":11,"f:52:14:52:15":3,"s:52:26:52:70":12,"b:52:34:52:63:52:63:52:70":1,"s:57:2:73:Infinity":13,"f:60:17:60:24":4,"s:61:19:61:Infinity":14,"s:63:12:63:Infinity":15,"s:64:21:69:Infinity":16,"s:71:6:71:Infinity":17,"s:75:2:75:Infinity":18}}}
,"C:\\Users\\lenil\\Documents\\GitHub\\ach-pet-api\\src\\presentation\\http\\routers\\pets-router.ts": {"path":"C:\\Users\\lenil\\Documents\\GitHub\\ach-pet-api\\src\\presentation\\http\\routers\\pets-router.ts","statementMap":{"0":{"start":{"line":37,"column":8},"end":{"line":37,"column":null}},"1":{"start":{"line":39,"column":26},"end":{"line":46,"column":null}},"2":{"start":{"line":48,"column":2},"end":{"line":63,"column":null}},"3":{"start":{"line":51,"column":20},"end":{"line":51,"column":null}},"4":{"start":{"line":52,"column":12},"end":{"line":52,"column":null}},"5":{"start":{"line":53,"column":21},"end":{"line":60,"column":null}},"6":{"start":{"line":61,"column":6},"end":{"line":61,"column":null}},"7":{"start":{"line":65,"column":2},"end":{"line":74,"column":null}},"8":{"start":{"line":70,"column":12},"end":{"line":70,"column":null}},"9":{"start":{"line":71,"column":21},"end":{"line":71,"column":null}},"10":{"start":{"line":72,"column":6},"end":{"line":72,"column":null}},"11":{"start":{"line":76,"column":2},"end":{"line":83,"column":null}},"12":{"start":{"line":79,"column":10},"end":{"line":79,"column":null}},"13":{"start":{"line":80,"column":19},"end":{"line":80,"column":null}},"14":{"start":{"line":81,"column":4},"end":{"line":81,"column":null}},"15":{"start":{"line":85,"column":26},"end":{"line":93,"column":null}},"16":{"start":{"line":95,"column":2},"end":{"line":105,"column":null}},"17":{"start":{"line":100,"column":19},"end":{"line":100,"column":null}},"18":{"start":{"line":101,"column":12},"end":{"line":101,"column":null}},"19":{"start":{"line":102,"column":21},"end":{"line":102,"column":null}},"20":{"start":{"line":103,"column":6},"end":{"line":103,"column":null}},"21":{"start":{"line":107,"column":26},"end":{"line":120,"column":null}},"22":{"start":{"line":118,"column":23},"end":{"line":118,"column":74}},"23":{"start":{"line":118,"column":56},"end":{"line":118,"column":71}},"24":{"start":{"line":122,"column":2},"end":{"line":132,"column":null}},"25":{"start":{"line":127,"column":20},"end":{"line":127,"column":null}},"26":{"start":{"line":128,"column":12},"end":{"line":128,"column":null}},"27":{"start":{"line":129,"column":21},"end":{"line":129,"column":null}},"28":{"start":{"line":130,"column":6},"end":{"line":130,"column":null}},"29":{"start":{"line":134,"column":2},"end":{"line":147,"column":null}},"30":{"start":{"line":140,"column":6},"end":{"line":140,"column":null}},"31":{"start":{"line":140,"column":21},"end":{"line":140,"column":null}},"32":{"start":{"line":142,"column":18},"end":{"line":142,"column":null}},"33":{"start":{"line":143,"column":12},"end":{"line":143,"column":null}},"34":{"start":{"line":144,"column":21},"end":{"line":144,"column":null}},"35":{"start":{"line":145,"column":6},"end":{"line":145,"column":null}},"36":{"start":{"line":149,"column":2},"end":{"line":158,"column":null}},"37":{"start":{"line":154,"column":12},"end":{"line":154,"column":null}},"38":{"start":{"line":155,"column":6},"end":{"line":155,"column":null}},"39":{"start":{"line":156,"column":6},"end":{"line":156,"column":null}},"40":{"start":{"line":160,"column":2},"end":{"line":169,"column":null}},"41":{"start":{"line":165,"column":12},"end":{"line":165,"column":null}},"42":{"start":{"line":166,"column":6},"end":{"line":166,"column":null}},"43":{"start":{"line":167,"column":6},"end":{"line":167,"column":null}},"44":{"start":{"line":171,"column":2},"end":{"line":171,"column":null}}},"fnMap":{"0":{"name":"createPetsRouter","decl":{"start":{"line":28,"column":16},"end":{"line":28,"column":33}},"loc":{"start":{"line":36,"column":3},"end":{"line":172,"column":null}},"line":36},"1":{"name":"(anonymous_1)","decl":{"start":{"line":50,"column":17},"end":{"line":50,"column":24}},"loc":{"start":{"line":50,"column":37},"end":{"line":62,"column":5}},"line":50},"2":{"name":"(anonymous_2)","decl":{"start":{"line":69,"column":17},"end":{"line":69,"column":24}},"loc":{"start":{"line":69,"column":59},"end":{"line":73,"column":5}},"line":69},"3":{"name":"(anonymous_3)","decl":{"start":{"line":78,"column":17},"end":{"line":78,"column":24}},"loc":{"start":{"line":78,"column":37},"end":{"line":82,"column":5}},"line":78},"4":{"name":"(anonymous_4)","decl":{"start":{"line":99,"column":17},"end":{"line":99,"column":24}},"loc":{"start":{"line":99,"column":59},"end":{"line":104,"column":5}},"line":99},"5":{"name":"(anonymous_5)","decl":{"start":{"line":118,"column":12},"end":{"line":118,"column":13}},"loc":{"start":{"line":118,"column":23},"end":{"line":118,"column":74}},"line":118},"6":{"name":"(anonymous_6)","decl":{"start":{"line":118,"column":49},"end":{"line":118,"column":50}},"loc":{"start":{"line":118,"column":56},"end":{"line":118,"column":71}},"line":118},"7":{"name":"(anonymous_7)","decl":{"start":{"line":126,"column":17},"end":{"line":126,"column":24}},"loc":{"start":{"line":126,"column":59},"end":{"line":131,"column":5}},"line":126},"8":{"name":"(anonymous_8)","decl":{"start":{"line":139,"column":17},"end":{"line":139,"column":24}},"loc":{"start":{"line":139,"column":59},"end":{"line":146,"column":5}},"line":139},"9":{"name":"(anonymous_9)","decl":{"start":{"line":153,"column":17},"end":{"line":153,"column":24}},"loc":{"start":{"line":153,"column":59},"end":{"line":157,"column":5}},"line":153},"10":{"name":"(anonymous_10)","decl":{"start":{"line":164,"column":17},"end":{"line":164,"column":24}},"loc":{"start":{"line":164,"column":59},"end":{"line":168,"column":5}},"line":164}},"branchMap":{"0":{"loc":{"start":{"line":140,"column":6},"end":{"line":140,"column":null}},"type":"if","locations":[{"start":{"line":140,"column":6},"end":{"line":140,"column":null}},{"start":{},"end":{}}],"line":140}},"s":{"0":5,"1":5,"2":5,"3":1,"4":1,"5":1,"6":1,"7":5,"8":0,"9":0,"10":0,"11":5,"12":0,"13":0,"14":0,"15":5,"16":5,"17":1,"18":1,"19":1,"20":0,"21":5,"22":0,"23":0,"24":5,"25":0,"26":0,"27":0,"28":0,"29":5,"30":0,"31":0,"32":0,"33":0,"34":0,"35":0,"36":5,"37":0,"38":0,"39":0,"40":5,"41":0,"42":0,"43":0,"44":5},"f":{"0":5,"1":1,"2":0,"3":0,"4":1,"5":0,"6":0,"7":0,"8":0,"9":0,"10":0},"b":{"0":[0,0]},"meta":{"lastBranch":1,"lastFunction":11,"lastStatement":45,"seen":{"f:28:16:28:33":0,"s:37:8:37:Infinity":0,"s:39:26:46:Infinity":1,"s:48:2:63:Infinity":2,"f:50:17:50:24":1,"s:51:20:51:Infinity":3,"s:52:12:52:Infinity":4,"s:53:21:60:Infinity":5,"s:61:6:61:Infinity":6,"s:65:2:74:Infinity":7,"f:69:17:69:24":2,"s:70:12:70:Infinity":8,"s:71:21:71:Infinity":9,"s:72:6:72:Infinity":10,"s:76:2:83:Infinity":11,"f:78:17:78:24":3,"s:79:10:79:Infinity":12,"s:80:19:80:Infinity":13,"s:81:4:81:Infinity":14,"s:85:26:93:Infinity":15,"s:95:2:105:Infinity":16,"f:99:17:99:24":4,"s:100:19:100:Infinity":17,"s:101:12:101:Infinity":18,"s:102:21:102:Infinity":19,"s:103:6:103:Infinity":20,"s:107:26:120:Infinity":21,"f:118:12:118:13":5,"s:118:23:118:74":22,"f:118:49:118:50":6,"s:118:56:118:71":23,"s:122:2:132:Infinity":24,"f:126:17:126:24":7,"s:127:20:127:Infinity":25,"s:128:12:128:Infinity":26,"s:129:21:129:Infinity":27,"s:130:6:130:Infinity":28,"s:134:2:147:Infinity":29,"f:139:17:139:24":8,"b:140:6:140:Infinity:undefined:undefined:undefined:undefined":0,"s:140:6:140:Infinity":30,"s:140:21:140:Infinity":31,"s:142:18:142:Infinity":32,"s:143:12:143:Infinity":33,"s:144:21:144:Infinity":34,"s:145:6:145:Infinity":35,"s:149:2:158:Infinity":36,"f:153:17:153:24":9,"s:154:12:154:Infinity":37,"s:155:6:155:Infinity":38,"s:156:6:156:Infinity":39,"s:160:2:169:Infinity":40,"f:164:17:164:24":10,"s:165:12:165:Infinity":41,"s:166:6:166:Infinity":42,"s:167:6:167:Infinity":43,"s:171:2:171:Infinity":44}}}
}
